<?xml version="1.0" encoding="UTF-8"?>
<testsuite name="org.admin.AppTest" tests="1" skipped="0" failures="0" errors="0" timestamp="2024-05-21T11:20:01" hostname="wonjun-yeon-ui-MacBookPro.local" time="0.065">
  <properties/>
  <testcase name="contextLoads()" classname="org.admin.AppTest" time="0.065"/>
  <system-out><![CDATA[20:20:00.402 [Test worker] DEBUG org.springframework.test.context.BootstrapUtils - Instantiating CacheAwareContextLoaderDelegate from class [org.springframework.test.context.cache.DefaultCacheAwareContextLoaderDelegate]
20:20:00.406 [Test worker] DEBUG org.springframework.test.context.BootstrapUtils - Instantiating BootstrapContext using constructor [public org.springframework.test.context.support.DefaultBootstrapContext(java.lang.Class,org.springframework.test.context.CacheAwareContextLoaderDelegate)]
20:20:00.416 [Test worker] DEBUG org.springframework.test.context.BootstrapUtils - Instantiating TestContextBootstrapper for test class [org.admin.AppTest] from class [org.springframework.boot.test.context.SpringBootTestContextBootstrapper]
20:20:00.419 [Test worker] INFO org.springframework.boot.test.context.SpringBootTestContextBootstrapper - Neither @ContextConfiguration nor @ContextHierarchy found for test class [org.admin.AppTest], using SpringBootContextLoader
20:20:00.420 [Test worker] DEBUG org.springframework.test.context.support.AbstractContextLoader - Did not detect default resource location for test class [org.admin.AppTest]: class path resource [org/admin/AppTest-context.xml] does not exist
20:20:00.420 [Test worker] DEBUG org.springframework.test.context.support.AbstractContextLoader - Did not detect default resource location for test class [org.admin.AppTest]: class path resource [org/admin/AppTestContext.groovy] does not exist
20:20:00.420 [Test worker] INFO org.springframework.test.context.support.AbstractContextLoader - Could not detect default resource locations for test class [org.admin.AppTest]: no resource found for suffixes {-context.xml, Context.groovy}.
20:20:00.420 [Test worker] INFO org.springframework.test.context.support.AnnotationConfigContextLoaderUtils - Could not detect default configuration classes for test class [org.admin.AppTest]: AppTest does not declare any static, non-private, non-final, nested classes annotated with @Configuration.
20:20:00.431 [Test worker] DEBUG org.springframework.test.context.support.ActiveProfilesUtils - Could not find an 'annotation declaring class' for annotation type [org.springframework.test.context.ActiveProfiles] and class [org.admin.AppTest]
20:20:00.450 [Test worker] DEBUG org.springframework.context.annotation.ClassPathScanningCandidateComponentProvider - Identified candidate component class: file [/Users/wonjun-yeon/Desktop/SalabaAdmin/SalabaAdmin/AdminProject/app/build/classes/java/main/org/admin/App.class]
20:20:00.450 [Test worker] INFO org.springframework.boot.test.context.SpringBootTestContextBootstrapper - Found @SpringBootConfiguration org.admin.App for test class org.admin.AppTest
20:20:00.480 [Test worker] DEBUG org.springframework.boot.test.context.SpringBootTestContextBootstrapper - @TestExecutionListeners is not present for class [org.admin.AppTest]: using defaults.
20:20:00.480 [Test worker] INFO org.springframework.boot.test.context.SpringBootTestContextBootstrapper - Loaded default TestExecutionListener class names from location [META-INF/spring.factories]: [org.springframework.boot.test.autoconfigure.restdocs.RestDocsTestExecutionListener, org.springframework.boot.test.autoconfigure.web.client.MockRestServiceServerResetTestExecutionListener, org.springframework.boot.test.autoconfigure.web.servlet.MockMvcPrintOnlyOnFailureTestExecutionListener, org.springframework.boot.test.autoconfigure.web.servlet.WebDriverTestExecutionListener, org.springframework.boot.test.autoconfigure.webservices.client.MockWebServiceServerTestExecutionListener, org.springframework.boot.test.mock.mockito.MockitoTestExecutionListener, org.springframework.boot.test.mock.mockito.ResetMocksTestExecutionListener, org.springframework.test.context.web.ServletTestExecutionListener, org.springframework.test.context.support.DirtiesContextBeforeModesTestExecutionListener, org.springframework.test.context.event.ApplicationEventsTestExecutionListener, org.springframework.test.context.support.DependencyInjectionTestExecutionListener, org.springframework.test.context.support.DirtiesContextTestExecutionListener, org.springframework.test.context.transaction.TransactionalTestExecutionListener, org.springframework.test.context.jdbc.SqlScriptsTestExecutionListener, org.springframework.test.context.event.EventPublishingTestExecutionListener]
20:20:00.484 [Test worker] INFO org.springframework.boot.test.context.SpringBootTestContextBootstrapper - Using TestExecutionListeners: [org.springframework.test.context.web.ServletTestExecutionListener@2c3dec30, org.springframework.test.context.support.DirtiesContextBeforeModesTestExecutionListener@34a97744, org.springframework.test.context.event.ApplicationEventsTestExecutionListener@4275c20c, org.springframework.boot.test.mock.mockito.MockitoTestExecutionListener@7c56e013, org.springframework.boot.test.autoconfigure.SpringBootDependencyInjectionTestExecutionListener@3fc9dfc5, org.springframework.test.context.support.DirtiesContextTestExecutionListener@40258c2f, org.springframework.test.context.transaction.TransactionalTestExecutionListener@2cac4385, org.springframework.test.context.jdbc.SqlScriptsTestExecutionListener@6731787b, org.springframework.test.context.event.EventPublishingTestExecutionListener@16f7b4af, org.springframework.boot.test.autoconfigure.restdocs.RestDocsTestExecutionListener@7adf16aa, org.springframework.boot.test.autoconfigure.web.client.MockRestServiceServerResetTestExecutionListener@34a1d21f, org.springframework.boot.test.autoconfigure.web.servlet.MockMvcPrintOnlyOnFailureTestExecutionListener@58bf8650, org.springframework.boot.test.autoconfigure.web.servlet.WebDriverTestExecutionListener@73c60324, org.springframework.boot.test.autoconfigure.webservices.client.MockWebServiceServerTestExecutionListener@71ae31b0, org.springframework.boot.test.mock.mockito.ResetMocksTestExecutionListener@4ba534b0]
20:20:00.485 [Test worker] DEBUG org.springframework.test.context.support.AbstractDirtiesContextTestExecutionListener - Before test class: context [DefaultTestContext@58670130 testClass = AppTest, testInstance = [null], testMethod = [null], testException = [null], mergedContextConfiguration = [WebMergedContextConfiguration@74e47444 testClass = AppTest, locations = '{}', classes = '{class org.admin.App}', contextInitializerClasses = '[]', activeProfiles = '{}', propertySourceLocations = '{}', propertySourceProperties = '{org.springframework.boot.test.context.SpringBootTestContextBootstrapper=true}', contextCustomizers = set[org.springframework.boot.test.autoconfigure.actuate.metrics.MetricsExportContextCustomizerFactory$DisableMetricExportContextCustomizer@1339e7aa, org.springframework.boot.test.autoconfigure.properties.PropertyMappingContextCustomizer@0, org.springframework.boot.test.autoconfigure.web.servlet.WebDriverContextCustomizerFactory$Customizer@7a67e3c6, org.springframework.boot.test.context.filter.ExcludeFilterContextCustomizer@600b90df, org.springframework.boot.test.json.DuplicateJsonObjectContextCustomizerFactory$DuplicateJsonObjectContextCustomizer@78d6692f, org.springframework.boot.test.mock.mockito.MockitoContextCustomizer@0, org.springframework.boot.test.web.client.TestRestTemplateContextCustomizer@21337f7b, org.springframework.boot.test.context.SpringBootTestArgs@1, org.springframework.boot.test.context.SpringBootTestWebEnvironment@2d2ffcb7], resourceBasePath = 'src/main/webapp', contextLoader = 'org.springframework.boot.test.context.SpringBootContextLoader', parent = [null]], attributes = map['org.springframework.test.context.web.ServletTestExecutionListener.activateListener' -> true]], class annotated with @DirtiesContext [false] with mode [null].

  .   ____          _            __ _ _
 /\\ / ___'_ __ _ _(_)_ __  __ _ \ \ \ \
( ( )\___ | '_ | '_| | '_ \/ _` | \ \ \ \
 \\/  ___)| |_)| | | | | || (_| |  ) ) ) )
  '  |____| .__|_| |_|_| |_\__, | / / / /
 =========|_|==============|___/=/_/_/_/
 :: Spring Boot ::               (v2.7.18)

2024-05-21 20:20:00,591 INFO org.admin.AppTest [Test worker] Starting AppTest using Java 21.0.2 on wonjun-yeon-ui-MacBookPro.local with PID 48639 (started by wonjun-yeon in /Users/wonjun-yeon/Desktop/SalabaAdmin/SalabaAdmin/AdminProject/app)
2024-05-21 20:20:00,592 DEBUG org.admin.AppTest [Test worker] Running with Spring Boot v2.7.18, Spring v5.3.31
2024-05-21 20:20:00,592 INFO org.admin.AppTest [Test worker] The following 1 profile is active: "dev"
2024-05-21 20:20:00,592 DEBUG org.springframework.boot.SpringApplication [Test worker] Loading source class org.admin.App
2024-05-21 20:20:00,593 DEBUG org.jboss.logging [background-preinit] Logging Provider: org.jboss.logging.Log4j2LoggerProvider
2024-05-21 20:20:00,595 DEBUG org.hibernate.validator.internal.xml.config.ValidationXmlParser [background-preinit] Trying to load META-INF/validation.xml for XML based Validator configuration.
2024-05-21 20:20:00,595 DEBUG org.hibernate.validator.internal.xml.config.ResourceLoaderHelper [background-preinit] Trying to load META-INF/validation.xml via TCCL
2024-05-21 20:20:00,595 DEBUG org.hibernate.validator.internal.xml.config.ResourceLoaderHelper [background-preinit] Trying to load META-INF/validation.xml via Hibernate Validator's class loader
2024-05-21 20:20:00,595 DEBUG org.hibernate.validator.internal.xml.config.ValidationXmlParser [background-preinit] No META-INF/validation.xml found. Using annotation based configuration only.
2024-05-21 20:20:00,596 DEBUG org.hibernate.validator.internal.engine.resolver.TraversableResolvers [background-preinit] Cannot find javax.persistence.Persistence on classpath. Assuming non JPA 2 environment. All properties will per default be traversable.
2024-05-21 20:20:00,602 DEBUG org.springframework.web.context.support.GenericWebApplicationContext [Test worker] Refreshing org.springframework.web.context.support.GenericWebApplicationContext@6c8a68c1
2024-05-21 20:20:00,603 DEBUG org.hibernate.validator.messageinterpolation.ResourceBundleMessageInterpolator [background-preinit] Loaded expression factory via original TCCL
2024-05-21 20:20:00,608 DEBUG org.springframework.beans.factory.support.DefaultListableBeanFactory [Test worker] Creating shared instance of singleton bean 'org.springframework.context.annotation.internalConfigurationAnnotationProcessor'
2024-05-21 20:20:00,613 DEBUG org.springframework.beans.factory.support.DefaultListableBeanFactory [Test worker] Creating shared instance of singleton bean 'org.springframework.boot.autoconfigure.internalCachingMetadataReaderFactory'
2024-05-21 20:20:00,629 DEBUG org.springframework.context.annotation.ClassPathBeanDefinitionScanner [Test worker] Identified candidate component class: file [/Users/wonjun-yeon/Desktop/SalabaAdmin/SalabaAdmin/AdminProject/app/build/classes/java/main/org/admin/config/AuthenticationManagerConfig.class]
2024-05-21 20:20:00,629 DEBUG org.hibernate.validator.internal.engine.ValidatorFactoryConfigurationHelper [background-preinit] HV000252: Using org.hibernate.validator.internal.engine.DefaultPropertyNodeNameProvider as property node name provider.
2024-05-21 20:20:00,629 DEBUG org.springframework.context.annotation.ClassPathBeanDefinitionScanner [Test worker] Identified candidate component class: file [/Users/wonjun-yeon/Desktop/SalabaAdmin/SalabaAdmin/AdminProject/app/build/classes/java/main/org/admin/config/SecurityConfig.class]
2024-05-21 20:20:00,629 DEBUG org.springframework.context.annotation.ClassPathBeanDefinitionScanner [Test worker] Identified candidate component class: file [/Users/wonjun-yeon/Desktop/SalabaAdmin/SalabaAdmin/AdminProject/app/build/classes/java/main/org/admin/config/WebConfig.class]
2024-05-21 20:20:00,631 DEBUG org.hibernate.validator.internal.engine.ValidatorFactoryConfigurationHelper [background-preinit] HV000234: Using org.hibernate.validator.messageinterpolation.ResourceBundleMessageInterpolator as ValidatorFactory-scoped message interpolator.
2024-05-21 20:20:00,632 DEBUG org.hibernate.validator.internal.engine.ValidatorFactoryConfigurationHelper [background-preinit] HV000234: Using org.hibernate.validator.internal.engine.resolver.TraverseAllTraversableResolver as ValidatorFactory-scoped traversable resolver.
2024-05-21 20:20:00,632 DEBUG org.hibernate.validator.internal.engine.ValidatorFactoryConfigurationHelper [background-preinit] HV000234: Using org.hibernate.validator.internal.util.ExecutableParameterNameProvider as ValidatorFactory-scoped parameter name provider.
2024-05-21 20:20:00,632 DEBUG org.hibernate.validator.internal.engine.ValidatorFactoryConfigurationHelper [background-preinit] HV000234: Using org.hibernate.validator.internal.engine.DefaultClockProvider as ValidatorFactory-scoped clock provider.
2024-05-21 20:20:00,632 DEBUG org.hibernate.validator.internal.engine.ValidatorFactoryConfigurationHelper [background-preinit] HV000234: Using org.hibernate.validator.internal.engine.scripting.DefaultScriptEvaluatorFactory as ValidatorFactory-scoped script evaluator factory.
2024-05-21 20:20:00,634 DEBUG org.springframework.context.annotation.ClassPathBeanDefinitionScanner [Test worker] Identified candidate component class: file [/Users/wonjun-yeon/Desktop/SalabaAdmin/SalabaAdmin/AdminProject/app/build/classes/java/main/org/admin/controller/AuthController.class]
2024-05-21 20:20:00,634 DEBUG org.springframework.context.annotation.ClassPathBeanDefinitionScanner [Test worker] Identified candidate component class: file [/Users/wonjun-yeon/Desktop/SalabaAdmin/SalabaAdmin/AdminProject/app/build/classes/java/main/org/admin/controller/ChartController.class]
2024-05-21 20:20:00,635 DEBUG org.springframework.context.annotation.ClassPathBeanDefinitionScanner [Test worker] Identified candidate component class: file [/Users/wonjun-yeon/Desktop/SalabaAdmin/SalabaAdmin/AdminProject/app/build/classes/java/main/org/admin/controller/GlobalControllerAdvice.class]
2024-05-21 20:20:00,635 DEBUG org.springframework.context.annotation.ClassPathBeanDefinitionScanner [Test worker] Identified candidate component class: file [/Users/wonjun-yeon/Desktop/SalabaAdmin/SalabaAdmin/AdminProject/app/build/classes/java/main/org/admin/controller/HomeController.class]
2024-05-21 20:20:00,636 DEBUG org.springframework.context.annotation.ClassPathBeanDefinitionScanner [Test worker] Identified candidate component class: file [/Users/wonjun-yeon/Desktop/SalabaAdmin/SalabaAdmin/AdminProject/app/build/classes/java/main/org/admin/controller/MemberManageController.class]
2024-05-21 20:20:00,636 DEBUG org.springframework.context.annotation.ClassPathBeanDefinitionScanner [Test worker] Identified candidate component class: file [/Users/wonjun-yeon/Desktop/SalabaAdmin/SalabaAdmin/AdminProject/app/build/classes/java/main/org/admin/controller/QnaController.class]
2024-05-21 20:20:00,637 DEBUG org.springframework.context.annotation.ClassPathBeanDefinitionScanner [Test worker] Identified candidate component class: file [/Users/wonjun-yeon/Desktop/SalabaAdmin/SalabaAdmin/AdminProject/app/build/classes/java/main/org/admin/controller/RentalManageController.class]
2024-05-21 20:20:00,637 DEBUG org.springframework.context.annotation.ClassPathBeanDefinitionScanner [Test worker] Identified candidate component class: file [/Users/wonjun-yeon/Desktop/SalabaAdmin/SalabaAdmin/AdminProject/app/build/classes/java/main/org/admin/controller/ReportManageController.class]
2024-05-21 20:20:00,642 DEBUG org.springframework.context.annotation.ClassPathBeanDefinitionScanner [Test worker] Identified candidate component class: file [/Users/wonjun-yeon/Desktop/SalabaAdmin/SalabaAdmin/AdminProject/app/build/classes/java/main/org/admin/security/jwt/exception/CustomAuthenticationEntryPoint.class]
2024-05-21 20:20:00,642 DEBUG org.springframework.context.annotation.ClassPathBeanDefinitionScanner [Test worker] Identified candidate component class: file [/Users/wonjun-yeon/Desktop/SalabaAdmin/SalabaAdmin/AdminProject/app/build/classes/java/main/org/admin/security/jwt/provider/JwtAuthenticationProvider.class]
2024-05-21 20:20:00,643 DEBUG org.springframework.context.annotation.ClassPathBeanDefinitionScanner [Test worker] Identified candidate component class: file [/Users/wonjun-yeon/Desktop/SalabaAdmin/SalabaAdmin/AdminProject/app/build/classes/java/main/org/admin/security/jwt/util/JwtTokenizer.class]
2024-05-21 20:20:00,644 DEBUG org.springframework.context.annotation.ClassPathBeanDefinitionScanner [Test worker] Identified candidate component class: file [/Users/wonjun-yeon/Desktop/SalabaAdmin/SalabaAdmin/AdminProject/app/build/classes/java/main/org/admin/service/impl/DefaulChartService.class]
2024-05-21 20:20:00,644 DEBUG org.springframework.context.annotation.ClassPathBeanDefinitionScanner [Test worker] Identified candidate component class: file [/Users/wonjun-yeon/Desktop/SalabaAdmin/SalabaAdmin/AdminProject/app/build/classes/java/main/org/admin/service/impl/DefaultMemberService.class]
2024-05-21 20:20:00,644 DEBUG org.springframework.context.annotation.ClassPathBeanDefinitionScanner [Test worker] Identified candidate component class: file [/Users/wonjun-yeon/Desktop/SalabaAdmin/SalabaAdmin/AdminProject/app/build/classes/java/main/org/admin/service/impl/DefaultQnaService.class]
2024-05-21 20:20:00,644 DEBUG org.springframework.context.annotation.ClassPathBeanDefinitionScanner [Test worker] Identified candidate component class: file [/Users/wonjun-yeon/Desktop/SalabaAdmin/SalabaAdmin/AdminProject/app/build/classes/java/main/org/admin/service/impl/DefaultRefreshTokenService.class]
2024-05-21 20:20:00,644 DEBUG org.springframework.context.annotation.ClassPathBeanDefinitionScanner [Test worker] Identified candidate component class: file [/Users/wonjun-yeon/Desktop/SalabaAdmin/SalabaAdmin/AdminProject/app/build/classes/java/main/org/admin/service/impl/DefaultRentalReportService.class]
2024-05-21 20:20:00,644 DEBUG org.springframework.context.annotation.ClassPathBeanDefinitionScanner [Test worker] Identified candidate component class: file [/Users/wonjun-yeon/Desktop/SalabaAdmin/SalabaAdmin/AdminProject/app/build/classes/java/main/org/admin/service/impl/DefaultRentalService.class]
2024-05-21 20:20:00,645 DEBUG org.springframework.context.annotation.ClassPathBeanDefinitionScanner [Test worker] Identified candidate component class: file [/Users/wonjun-yeon/Desktop/SalabaAdmin/SalabaAdmin/AdminProject/app/build/classes/java/main/org/admin/service/impl/DefaultTextReportService.class]
2024-05-21 20:20:00,645 DEBUG org.springframework.context.annotation.ClassPathBeanDefinitionScanner [Test worker] Identified candidate component class: file [/Users/wonjun-yeon/Desktop/SalabaAdmin/SalabaAdmin/AdminProject/app/build/classes/java/main/org/admin/service/impl/NcpStorageService.class]
2024-05-21 20:20:00,790 DEBUG org.springframework.beans.factory.support.DefaultListableBeanFactory [Test worker] Creating shared instance of singleton bean 'org.springframework.boot.autoconfigure.AutoConfigurationPackages'
2024-05-21 20:20:00,790 DEBUG org.springframework.boot.autoconfigure.AutoConfigurationPackages [Test worker] @EnableAutoConfiguration was declared on a class in the package 'org.admin'. Automatic @Repository and @Entity scanning is enabled.
2024-05-21 20:20:00,790 DEBUG org.mybatis.spring.boot.autoconfigure.MybatisAutoConfiguration [Test worker] Searching for mappers annotated with @Mapper
2024-05-21 20:20:00,791 DEBUG org.mybatis.spring.boot.autoconfigure.MybatisAutoConfiguration [Test worker] Using auto-configuration base package 'org.admin'
2024-05-21 20:20:00,828 DEBUG org.springframework.beans.factory.support.DefaultListableBeanFactory [Test worker] Creating shared instance of singleton bean 'org.mybatis.spring.mapper.MapperScannerConfigurer'
2024-05-21 20:20:00,831 DEBUG org.springframework.beans.factory.support.DefaultListableBeanFactory [Test worker] Creating shared instance of singleton bean 'propertySourcesPlaceholderConfigurer'
2024-05-21 20:20:00,835 DEBUG org.apache.ibatis.logging.LogFactory [Test worker] Logging initialized using 'class org.apache.ibatis.logging.slf4j.Slf4jImpl' adapter.
2024-05-21 20:20:00,838 DEBUG org.mybatis.spring.mapper.ClassPathMapperScanner [Test worker] Identified candidate component class: file [/Users/wonjun-yeon/Desktop/SalabaAdmin/SalabaAdmin/AdminProject/app/build/classes/java/main/org/admin/repository/ChartDao.class]
2024-05-21 20:20:00,838 DEBUG org.mybatis.spring.mapper.ClassPathMapperScanner [Test worker] Identified candidate component class: file [/Users/wonjun-yeon/Desktop/SalabaAdmin/SalabaAdmin/AdminProject/app/build/classes/java/main/org/admin/repository/MemberDao.class]
2024-05-21 20:20:00,838 DEBUG org.mybatis.spring.mapper.ClassPathMapperScanner [Test worker] Identified candidate component class: file [/Users/wonjun-yeon/Desktop/SalabaAdmin/SalabaAdmin/AdminProject/app/build/classes/java/main/org/admin/repository/QnaDao.class]
2024-05-21 20:20:00,838 DEBUG org.mybatis.spring.mapper.ClassPathMapperScanner [Test worker] Identified candidate component class: file [/Users/wonjun-yeon/Desktop/SalabaAdmin/SalabaAdmin/AdminProject/app/build/classes/java/main/org/admin/repository/RefreshTokenDao.class]
2024-05-21 20:20:00,838 DEBUG org.mybatis.spring.mapper.ClassPathMapperScanner [Test worker] Identified candidate component class: file [/Users/wonjun-yeon/Desktop/SalabaAdmin/SalabaAdmin/AdminProject/app/build/classes/java/main/org/admin/repository/RentalDao.class]
2024-05-21 20:20:00,838 DEBUG org.mybatis.spring.mapper.ClassPathMapperScanner [Test worker] Identified candidate component class: file [/Users/wonjun-yeon/Desktop/SalabaAdmin/SalabaAdmin/AdminProject/app/build/classes/java/main/org/admin/repository/RentalReportDao.class]
2024-05-21 20:20:00,838 DEBUG org.mybatis.spring.mapper.ClassPathMapperScanner [Test worker] Identified candidate component class: file [/Users/wonjun-yeon/Desktop/SalabaAdmin/SalabaAdmin/AdminProject/app/build/classes/java/main/org/admin/repository/RoleDao.class]
2024-05-21 20:20:00,838 DEBUG org.mybatis.spring.mapper.ClassPathMapperScanner [Test worker] Identified candidate component class: file [/Users/wonjun-yeon/Desktop/SalabaAdmin/SalabaAdmin/AdminProject/app/build/classes/java/main/org/admin/repository/TextReportDao.class]
2024-05-21 20:20:00,839 DEBUG org.mybatis.spring.mapper.ClassPathMapperScanner [Test worker] Creating MapperFactoryBean with name 'chartDao' and 'org.admin.repository.ChartDao' mapperInterface
2024-05-21 20:20:00,840 DEBUG org.mybatis.spring.mapper.ClassPathMapperScanner [Test worker] Creating MapperFactoryBean with name 'memberDao' and 'org.admin.repository.MemberDao' mapperInterface
2024-05-21 20:20:00,840 DEBUG org.mybatis.spring.mapper.ClassPathMapperScanner [Test worker] Creating MapperFactoryBean with name 'qnaDao' and 'org.admin.repository.QnaDao' mapperInterface
2024-05-21 20:20:00,840 DEBUG org.mybatis.spring.mapper.ClassPathMapperScanner [Test worker] Creating MapperFactoryBean with name 'refreshTokenDao' and 'org.admin.repository.RefreshTokenDao' mapperInterface
2024-05-21 20:20:00,840 DEBUG org.mybatis.spring.mapper.ClassPathMapperScanner [Test worker] Creating MapperFactoryBean with name 'rentalDao' and 'org.admin.repository.RentalDao' mapperInterface
2024-05-21 20:20:00,840 DEBUG org.mybatis.spring.mapper.ClassPathMapperScanner [Test worker] Creating MapperFactoryBean with name 'rentalReportDao' and 'org.admin.repository.RentalReportDao' mapperInterface
2024-05-21 20:20:00,840 DEBUG org.mybatis.spring.mapper.ClassPathMapperScanner [Test worker] Creating MapperFactoryBean with name 'roleDao' and 'org.admin.repository.RoleDao' mapperInterface
2024-05-21 20:20:00,840 DEBUG org.mybatis.spring.mapper.ClassPathMapperScanner [Test worker] Creating MapperFactoryBean with name 'textReportDao' and 'org.admin.repository.TextReportDao' mapperInterface
2024-05-21 20:20:00,869 DEBUG org.springframework.beans.factory.support.DefaultListableBeanFactory [Test worker] Creating shared instance of singleton bean 'org.springframework.boot.test.mock.mockito.MockitoPostProcessor'
2024-05-21 20:20:00,871 DEBUG org.springframework.beans.factory.support.DefaultListableBeanFactory [Test worker] Creating shared instance of singleton bean 'org.springframework.boot.sql.init.dependency.DatabaseInitializationDependencyConfigurer$DependsOnDatabaseInitializationPostProcessor'
2024-05-21 20:20:00,885 DEBUG org.springframework.beans.factory.support.DefaultListableBeanFactory [Test worker] Creating shared instance of singleton bean 'org.springframework.context.event.internalEventListenerProcessor'
2024-05-21 20:20:00,885 DEBUG org.springframework.beans.factory.support.DefaultListableBeanFactory [Test worker] Creating shared instance of singleton bean 'preserveErrorControllerTargetClassPostProcessor'
2024-05-21 20:20:00,885 DEBUG org.springframework.beans.factory.support.DefaultListableBeanFactory [Test worker] Creating shared instance of singleton bean 'forceAutoProxyCreatorToUseClassProxying'
2024-05-21 20:20:00,886 DEBUG org.springframework.beans.factory.support.DefaultListableBeanFactory [Test worker] Creating shared instance of singleton bean 'conversionServicePostProcessor'
2024-05-21 20:20:00,888 DEBUG org.springframework.beans.factory.support.DefaultListableBeanFactory [Test worker] Creating shared instance of singleton bean 'org.springframework.context.event.internalEventListenerFactory'
2024-05-21 20:20:00,889 DEBUG org.springframework.beans.factory.support.DefaultListableBeanFactory [Test worker] Creating shared instance of singleton bean 'org.springframework.transaction.config.internalTransactionalEventListenerFactory'
2024-05-21 20:20:00,891 DEBUG org.springframework.beans.factory.support.DefaultListableBeanFactory [Test worker] Creating shared instance of singleton bean 'org.springframework.boot.test.mock.mockito.MockitoPostProcessor$SpyPostProcessor'
2024-05-21 20:20:00,891 DEBUG org.springframework.beans.factory.support.DefaultListableBeanFactory [Test worker] Creating shared instance of singleton bean 'org.springframework.context.annotation.internalAutowiredAnnotationProcessor'
2024-05-21 20:20:00,893 DEBUG org.springframework.beans.factory.support.DefaultListableBeanFactory [Test worker] Creating shared instance of singleton bean 'org.springframework.context.annotation.internalCommonAnnotationProcessor'
2024-05-21 20:20:00,894 DEBUG org.springframework.beans.factory.support.DefaultListableBeanFactory [Test worker] Creating shared instance of singleton bean 'org.springframework.boot.context.properties.ConfigurationPropertiesBindingPostProcessor'
2024-05-21 20:20:00,894 DEBUG org.springframework.beans.factory.support.DefaultListableBeanFactory [Test worker] Creating shared instance of singleton bean 'org.springframework.boot.context.internalConfigurationPropertiesBinder'
2024-05-21 20:20:00,894 DEBUG org.springframework.beans.factory.support.DefaultListableBeanFactory [Test worker] Creating shared instance of singleton bean 'org.springframework.boot.context.internalConfigurationPropertiesBinderFactory'
2024-05-21 20:20:00,895 DEBUG org.springframework.beans.factory.support.DefaultListableBeanFactory [Test worker] Creating shared instance of singleton bean 'org.springframework.aop.config.internalAutoProxyCreator'
2024-05-21 20:20:00,903 DEBUG org.springframework.beans.factory.support.DefaultListableBeanFactory [Test worker] Creating shared instance of singleton bean 'methodValidationPostProcessor'
2024-05-21 20:20:00,908 DEBUG org.springframework.beans.factory.support.DefaultListableBeanFactory [Test worker] Autowiring by type from bean name 'methodValidationPostProcessor' via factory method to bean named 'environment'
2024-05-21 20:20:00,908 DEBUG org.springframework.beans.factory.support.DefaultListableBeanFactory [Test worker] Creating shared instance of singleton bean 'org.springframework.boot.context.properties.EnableConfigurationPropertiesRegistrar.methodValidationExcludeFilter'
2024-05-21 20:20:00,914 DEBUG org.springframework.beans.factory.support.DefaultListableBeanFactory [Test worker] Creating shared instance of singleton bean 'persistenceExceptionTranslationPostProcessor'
2024-05-21 20:20:00,915 DEBUG org.springframework.beans.factory.support.DefaultListableBeanFactory [Test worker] Autowiring by type from bean name 'persistenceExceptionTranslationPostProcessor' via factory method to bean named 'environment'
2024-05-21 20:20:00,918 DEBUG org.springframework.beans.factory.support.DefaultListableBeanFactory [Test worker] Creating shared instance of singleton bean 'webServerFactoryCustomizerBeanPostProcessor'
2024-05-21 20:20:00,918 DEBUG org.springframework.beans.factory.support.DefaultListableBeanFactory [Test worker] Creating shared instance of singleton bean 'errorPageRegistrarBeanPostProcessor'
2024-05-21 20:20:00,920 DEBUG org.springframework.ui.context.support.UiApplicationContextUtils [Test worker] Unable to locate ThemeSource with name 'themeSource': using default [org.springframework.ui.context.support.ResourceBundleThemeSource@42aae04d]
2024-05-21 20:20:00,920 DEBUG org.springframework.beans.factory.support.DefaultListableBeanFactory [Test worker] Creating shared instance of singleton bean 'app'
2024-05-21 20:20:00,922 DEBUG org.springframework.beans.factory.support.DefaultListableBeanFactory [Test worker] Creating shared instance of singleton bean 'org.springframework.transaction.config.internalTransactionAdvisor'
2024-05-21 20:20:00,922 DEBUG org.springframework.beans.factory.support.DefaultListableBeanFactory [Test worker] Creating shared instance of singleton bean 'org.springframework.transaction.annotation.ProxyTransactionManagementConfiguration'
2024-05-21 20:20:00,924 DEBUG org.springframework.beans.factory.support.DefaultListableBeanFactory [Test worker] Creating shared instance of singleton bean 'transactionAttributeSource'
2024-05-21 20:20:00,925 DEBUG org.springframework.beans.factory.support.DefaultListableBeanFactory [Test worker] Creating shared instance of singleton bean 'transactionInterceptor'
2024-05-21 20:20:00,925 DEBUG org.springframework.beans.factory.support.DefaultListableBeanFactory [Test worker] Autowiring by type from bean name 'transactionInterceptor' via factory method to bean named 'transactionAttributeSource'
2024-05-21 20:20:00,928 DEBUG org.springframework.beans.factory.support.DefaultListableBeanFactory [Test worker] Autowiring by type from bean name 'org.springframework.transaction.config.internalTransactionAdvisor' via factory method to bean named 'transactionAttributeSource'
2024-05-21 20:20:00,928 DEBUG org.springframework.beans.factory.support.DefaultListableBeanFactory [Test worker] Autowiring by type from bean name 'org.springframework.transaction.config.internalTransactionAdvisor' via factory method to bean named 'transactionInterceptor'
2024-05-21 20:20:00,930 DEBUG org.springframework.beans.factory.support.DefaultListableBeanFactory [Test worker] Creating shared instance of singleton bean 'authenticationManagerConfig'
2024-05-21 20:20:00,931 DEBUG org.springframework.core.LocalVariableTableParameterNameDiscoverer [Test worker] Cannot find '.class' file for class [class org.admin.config.AuthenticationManagerConfig$$EnhancerBySpringCGLIB$$1431810f] - unable to determine constructor/method parameter names
2024-05-21 20:20:00,931 DEBUG org.springframework.beans.factory.support.DefaultListableBeanFactory [Test worker] Creating shared instance of singleton bean 'jwtAuthenticationProvider'
2024-05-21 20:20:00,931 DEBUG org.springframework.beans.factory.support.DefaultListableBeanFactory [Test worker] Creating shared instance of singleton bean 'jwtTokenizer'
2024-05-21 20:20:00,932 DEBUG org.springframework.boot.context.properties.source.ConfigurationPropertySourcesPropertyResolver$DefaultResolver [Test worker] Found key 'jwt.secretKey' in PropertySource 'Config resource 'class path resource [application.properties]' via location 'optional:classpath:/'' with value of type String
2024-05-21 20:20:00,932 DEBUG org.springframework.core.env.PropertySourcesPropertyResolver [Test worker] Found key 'jwt.secretKey' in PropertySource 'environmentProperties' with value of type String
2024-05-21 20:20:00,933 DEBUG org.springframework.boot.context.properties.source.ConfigurationPropertySourcesPropertyResolver$DefaultResolver [Test worker] Found key 'jwt.refreshKey' in PropertySource 'Config resource 'class path resource [application.properties]' via location 'optional:classpath:/'' with value of type String
2024-05-21 20:20:00,933 DEBUG org.springframework.core.env.PropertySourcesPropertyResolver [Test worker] Found key 'jwt.refreshKey' in PropertySource 'environmentProperties' with value of type String
2024-05-21 20:20:00,933 DEBUG org.springframework.beans.factory.support.DefaultListableBeanFactory [Test worker] Autowiring by type from bean name 'jwtAuthenticationProvider' via constructor to bean named 'jwtTokenizer'
2024-05-21 20:20:00,934 DEBUG org.springframework.beans.factory.support.DefaultListableBeanFactory [Test worker] Autowiring by type from bean name 'authenticationManagerConfig' via constructor to bean named 'jwtAuthenticationProvider'
2024-05-21 20:20:00,936 DEBUG org.springframework.beans.factory.support.DefaultListableBeanFactory [Test worker] Creating shared instance of singleton bean 'securityConfig'
2024-05-21 20:20:00,936 DEBUG org.springframework.core.LocalVariableTableParameterNameDiscoverer [Test worker] Cannot find '.class' file for class [class org.admin.config.SecurityConfig$$EnhancerBySpringCGLIB$$78510000] - unable to determine constructor/method parameter names
2024-05-21 20:20:00,937 DEBUG org.springframework.beans.factory.support.DefaultListableBeanFactory [Test worker] Creating shared instance of singleton bean 'customAuthenticationEntryPoint'
2024-05-21 20:20:00,938 DEBUG org.springframework.beans.factory.support.DefaultListableBeanFactory [Test worker] Autowiring by type from bean name 'securityConfig' via constructor to bean named 'authenticationManagerConfig'
2024-05-21 20:20:00,938 DEBUG org.springframework.beans.factory.support.DefaultListableBeanFactory [Test worker] Autowiring by type from bean name 'securityConfig' via constructor to bean named 'customAuthenticationEntryPoint'
2024-05-21 20:20:00,939 DEBUG org.springframework.beans.factory.support.DefaultListableBeanFactory [Test worker] Creating shared instance of singleton bean 'webConfig'
2024-05-21 20:20:00,941 DEBUG org.springframework.beans.factory.support.DefaultListableBeanFactory [Test worker] Creating shared instance of singleton bean 'authController'
2024-05-21 20:20:00,942 DEBUG org.springframework.beans.factory.support.DefaultListableBeanFactory [Test worker] Creating shared instance of singleton bean 'defaultMemberService'
2024-05-21 20:20:00,943 DEBUG org.springframework.beans.factory.support.DefaultListableBeanFactory [Test worker] Creating shared instance of singleton bean 'memberDao'
2024-05-21 20:20:00,944 DEBUG org.springframework.beans.factory.support.DefaultListableBeanFactory [Test worker] Creating shared instance of singleton bean 'dataSourceScriptDatabaseInitializer'
2024-05-21 20:20:00,944 DEBUG org.springframework.beans.factory.support.DefaultListableBeanFactory [Test worker] Creating shared instance of singleton bean 'org.springframework.boot.autoconfigure.sql.init.DataSourceInitializationConfiguration'
2024-05-21 20:20:00,945 DEBUG org.springframework.beans.factory.support.DefaultListableBeanFactory [Test worker] Creating shared instance of singleton bean 'dataSource'
2024-05-21 20:20:00,945 DEBUG org.springframework.beans.factory.support.DefaultListableBeanFactory [Test worker] Creating shared instance of singleton bean 'org.springframework.boot.autoconfigure.jdbc.DataSourceConfiguration$Hikari'
2024-05-21 20:20:00,946 DEBUG org.springframework.beans.factory.support.DefaultListableBeanFactory [Test worker] Creating shared instance of singleton bean 'spring.datasource-org.springframework.boot.autoconfigure.jdbc.DataSourceProperties'
2024-05-21 20:20:00,948 DEBUG org.springframework.beans.factory.support.DefaultListableBeanFactory [Test worker] Creating shared instance of singleton bean 'org.springframework.boot.context.properties.BoundConfigurationProperties'
2024-05-21 20:20:00,955 DEBUG org.springframework.beans.factory.support.DefaultListableBeanFactory [Test worker] Autowiring by type from bean name 'dataSource' via factory method to bean named 'spring.datasource-org.springframework.boot.autoconfigure.jdbc.DataSourceProperties'
2024-05-21 20:20:00,956 DEBUG com.zaxxer.hikari.HikariConfig [Test worker] Driver class net.sf.log4jdbc.sql.jdbcapi.DriverSpy found in Thread context class loader jdk.internal.loader.ClassLoaders$AppClassLoader@1cf4f579
2024-05-21 20:20:00,957 DEBUG log4jdbc.debug [Test worker] log4jdbc-logj2 properties initialization...
2024-05-21 20:20:00,957 DEBUG log4jdbc.debug [Test worker] Using logger: null
2024-05-21 20:20:00,957 DEBUG log4jdbc.debug [Test worker] x log4jdbc.debug.stack.prefix is not defined
2024-05-21 20:20:00,957 DEBUG log4jdbc.debug [Test worker] x log4jdbc.sqltiming.warn.threshold is not defined
2024-05-21 20:20:00,957 DEBUG log4jdbc.debug [Test worker] x log4jdbc.sqltiming.error.threshold is not defined
2024-05-21 20:20:00,957 DEBUG log4jdbc.debug [Test worker] x log4jdbc.dump.booleanastruefalse is not defined (using default value false)
2024-05-21 20:20:00,957 DEBUG log4jdbc.debug [Test worker] x log4jdbc.dump.sql.maxlinelength is not defined (using default of 90)
2024-05-21 20:20:00,957 DEBUG log4jdbc.debug [Test worker] x log4jdbc.dump.fulldebugstacktrace is not defined (using default value false)
2024-05-21 20:20:00,957 DEBUG log4jdbc.debug [Test worker] x log4jdbc.statement.warn is not defined (using default value false)
2024-05-21 20:20:00,957 DEBUG log4jdbc.debug [Test worker] x log4jdbc.dump.sql.select is not defined (using default value true)
2024-05-21 20:20:00,957 DEBUG log4jdbc.debug [Test worker] x log4jdbc.dump.sql.insert is not defined (using default value true)
2024-05-21 20:20:00,957 DEBUG log4jdbc.debug [Test worker] x log4jdbc.dump.sql.update is not defined (using default value true)
2024-05-21 20:20:00,957 DEBUG log4jdbc.debug [Test worker] x log4jdbc.dump.sql.delete is not defined (using default value true)
2024-05-21 20:20:00,957 DEBUG log4jdbc.debug [Test worker] x log4jdbc.dump.sql.create is not defined (using default value true)
2024-05-21 20:20:00,957 DEBUG log4jdbc.debug [Test worker] x log4jdbc.dump.sql.addsemicolon is not defined (using default value false)
2024-05-21 20:20:00,957 DEBUG log4jdbc.debug [Test worker] x log4jdbc.auto.load.popular.drivers is not defined (using default value true)
2024-05-21 20:20:00,957 DEBUG log4jdbc.debug [Test worker] x log4jdbc.drivers is not defined
2024-05-21 20:20:00,957 DEBUG log4jdbc.debug [Test worker] x log4jdbc.trim.sql is not defined (using default value true)
2024-05-21 20:20:00,957 DEBUG log4jdbc.debug [Test worker] x log4jdbc.trim.sql.extrablanklines is not defined (using default value true)
2024-05-21 20:20:00,957 DEBUG log4jdbc.debug [Test worker] x log4jdbc.suppress.generated.keys.exception is not defined (using default value false)
2024-05-21 20:20:00,957 DEBUG log4jdbc.debug [Test worker] log4jdbc-logj2 properties initialization done.
2024-05-21 20:20:00,958 DEBUG log4jdbc.debug [Test worker] DriverSpy intialization...
2024-05-21 20:20:00,959 DEBUG log4jdbc.debug [Test worker]   FOUND DRIVER com.mysql.jdbc.Driver
2024-05-21 20:20:00,960 DEBUG log4jdbc.debug [Test worker] DriverSpy intialization done.
2024-05-21 20:20:00,968 DEBUG org.springframework.beans.factory.support.DefaultListableBeanFactory [Test worker] Creating shared instance of singleton bean 'spring.sql.init-org.springframework.boot.autoconfigure.sql.init.SqlInitializationProperties'
2024-05-21 20:20:00,969 DEBUG org.springframework.beans.factory.support.DefaultListableBeanFactory [Test worker] Autowiring by type from bean name 'dataSourceScriptDatabaseInitializer' via factory method to bean named 'dataSource'
2024-05-21 20:20:00,969 DEBUG org.springframework.beans.factory.support.DefaultListableBeanFactory [Test worker] Autowiring by type from bean name 'dataSourceScriptDatabaseInitializer' via factory method to bean named 'spring.sql.init-org.springframework.boot.autoconfigure.sql.init.SqlInitializationProperties'
2024-05-21 20:20:00,971 DEBUG org.springframework.beans.factory.support.DefaultListableBeanFactory [Test worker] Creating shared instance of singleton bean 'sqlSessionTemplate'
2024-05-21 20:20:00,972 DEBUG org.springframework.beans.factory.support.DefaultListableBeanFactory [Test worker] Creating shared instance of singleton bean 'org.mybatis.spring.boot.autoconfigure.MybatisAutoConfiguration'
2024-05-21 20:20:00,972 DEBUG org.springframework.core.LocalVariableTableParameterNameDiscoverer [Test worker] Cannot find '.class' file for class [class org.mybatis.spring.boot.autoconfigure.MybatisAutoConfiguration$$EnhancerBySpringCGLIB$$57a01ca6] - unable to determine constructor/method parameter names
2024-05-21 20:20:00,972 DEBUG org.springframework.beans.factory.support.DefaultListableBeanFactory [Test worker] Creating shared instance of singleton bean 'mybatis-org.mybatis.spring.boot.autoconfigure.MybatisProperties'
2024-05-21 20:20:00,975 DEBUG org.springframework.beans.factory.support.DefaultListableBeanFactory [Test worker] Autowiring by type from bean name 'org.mybatis.spring.boot.autoconfigure.MybatisAutoConfiguration' via constructor to bean named 'mybatis-org.mybatis.spring.boot.autoconfigure.MybatisProperties'
2024-05-21 20:20:00,975 DEBUG org.springframework.beans.factory.support.DefaultListableBeanFactory [Test worker] Autowiring by type from bean name 'org.mybatis.spring.boot.autoconfigure.MybatisAutoConfiguration' via constructor to bean named 'org.springframework.web.context.support.GenericWebApplicationContext@6c8a68c1'
2024-05-21 20:20:00,981 DEBUG org.springframework.beans.factory.support.DefaultListableBeanFactory [Test worker] Creating shared instance of singleton bean 'sqlSessionFactory'
2024-05-21 20:20:00,981 DEBUG org.springframework.beans.factory.support.DefaultListableBeanFactory [Test worker] Autowiring by type from bean name 'sqlSessionFactory' via factory method to bean named 'dataSource'
2024-05-21 20:20:01,003 DEBUG org.mybatis.spring.SqlSessionFactoryBean [Test worker] Property 'mapperLocations' was not specified.
2024-05-21 20:20:01,004 DEBUG org.springframework.beans.factory.support.DefaultListableBeanFactory [Test worker] Autowiring by type from bean name 'sqlSessionTemplate' via factory method to bean named 'sqlSessionFactory'
2024-05-21 20:20:01,064 DEBUG org.springframework.beans.factory.support.DefaultListableBeanFactory [Test worker] Creating shared instance of singleton bean 'roleDao'
2024-05-21 20:20:01,068 DEBUG org.springframework.beans.factory.support.DefaultListableBeanFactory [Test worker] Autowiring by type from bean name 'defaultMemberService' via constructor to bean named 'memberDao'
2024-05-21 20:20:01,069 DEBUG org.springframework.beans.factory.support.DefaultListableBeanFactory [Test worker] Autowiring by type from bean name 'defaultMemberService' via constructor to bean named 'roleDao'
2024-05-21 20:20:01,077 DEBUG org.springframework.beans.factory.support.DefaultListableBeanFactory [Test worker] Creating shared instance of singleton bean 'defaultRefreshTokenService'
2024-05-21 20:20:01,078 DEBUG org.springframework.beans.factory.support.DefaultListableBeanFactory [Test worker] Creating shared instance of singleton bean 'refreshTokenDao'
2024-05-21 20:20:01,082 DEBUG org.springframework.beans.factory.support.DefaultListableBeanFactory [Test worker] Autowiring by type from bean name 'defaultRefreshTokenService' via constructor to bean named 'refreshTokenDao'
2024-05-21 20:20:01,083 DEBUG org.springframework.beans.factory.support.DefaultListableBeanFactory [Test worker] Creating shared instance of singleton bean 'passwordEncoder'
2024-05-21 20:20:01,086 DEBUG org.springframework.beans.factory.support.DefaultListableBeanFactory [Test worker] Autowiring by type from bean name 'authController' via constructor to bean named 'defaultMemberService'
2024-05-21 20:20:01,086 DEBUG org.springframework.beans.factory.support.DefaultListableBeanFactory [Test worker] Autowiring by type from bean name 'authController' via constructor to bean named 'jwtTokenizer'
2024-05-21 20:20:01,086 DEBUG org.springframework.beans.factory.support.DefaultListableBeanFactory [Test worker] Autowiring by type from bean name 'authController' via constructor to bean named 'defaultRefreshTokenService'
2024-05-21 20:20:01,086 DEBUG org.springframework.beans.factory.support.DefaultListableBeanFactory [Test worker] Autowiring by type from bean name 'authController' via constructor to bean named 'passwordEncoder'
2024-05-21 20:20:01,089 DEBUG org.springframework.beans.factory.support.DefaultListableBeanFactory [Test worker] Creating shared instance of singleton bean 'chartController'
2024-05-21 20:20:01,089 DEBUG org.springframework.beans.factory.support.DefaultListableBeanFactory [Test worker] Creating shared instance of singleton bean 'defaulChartService'
2024-05-21 20:20:01,090 DEBUG org.springframework.beans.factory.support.DefaultListableBeanFactory [Test worker] Creating shared instance of singleton bean 'chartDao'
2024-05-21 20:20:01,096 DEBUG org.springframework.beans.factory.support.DefaultListableBeanFactory [Test worker] Autowiring by type from bean name 'defaulChartService' via constructor to bean named 'chartDao'
2024-05-21 20:20:01,097 DEBUG org.springframework.beans.factory.support.DefaultListableBeanFactory [Test worker] Autowiring by type from bean name 'chartController' via constructor to bean named 'defaulChartService'
2024-05-21 20:20:01,097 DEBUG org.springframework.beans.factory.support.DefaultListableBeanFactory [Test worker] Creating shared instance of singleton bean 'globalControllerAdvice'
2024-05-21 20:20:01,099 DEBUG org.springframework.beans.factory.support.DefaultListableBeanFactory [Test worker] Creating shared instance of singleton bean 'homeController'
2024-05-21 20:20:01,099 DEBUG org.springframework.beans.factory.support.DefaultListableBeanFactory [Test worker] Creating shared instance of singleton bean 'memberManageController'
2024-05-21 20:20:01,100 DEBUG org.springframework.beans.factory.support.DefaultListableBeanFactory [Test worker] Autowiring by type from bean name 'memberManageController' via constructor to bean named 'defaultMemberService'
2024-05-21 20:20:01,100 DEBUG org.springframework.beans.factory.support.DefaultListableBeanFactory [Test worker] Creating shared instance of singleton bean 'qnaController'
2024-05-21 20:20:01,101 DEBUG org.springframework.beans.factory.support.DefaultListableBeanFactory [Test worker] Creating shared instance of singleton bean 'defaultQnaService'
2024-05-21 20:20:01,101 DEBUG org.springframework.beans.factory.support.DefaultListableBeanFactory [Test worker] Creating shared instance of singleton bean 'qnaDao'
2024-05-21 20:20:01,107 DEBUG org.springframework.beans.factory.support.DefaultListableBeanFactory [Test worker] Autowiring by type from bean name 'defaultQnaService' via constructor to bean named 'qnaDao'
2024-05-21 20:20:01,109 DEBUG org.springframework.beans.factory.support.DefaultListableBeanFactory [Test worker] Autowiring by type from bean name 'qnaController' via constructor to bean named 'defaultQnaService'
2024-05-21 20:20:01,110 DEBUG org.springframework.beans.factory.support.DefaultListableBeanFactory [Test worker] Creating shared instance of singleton bean 'rentalManageController'
2024-05-21 20:20:01,110 DEBUG org.springframework.beans.factory.support.DefaultListableBeanFactory [Test worker] Creating shared instance of singleton bean 'defaultRentalService'
2024-05-21 20:20:01,110 DEBUG org.springframework.beans.factory.support.DefaultListableBeanFactory [Test worker] Creating shared instance of singleton bean 'rentalDao'
2024-05-21 20:20:01,116 DEBUG org.springframework.beans.factory.support.DefaultListableBeanFactory [Test worker] Autowiring by type from bean name 'defaultRentalService' via constructor to bean named 'rentalDao'
2024-05-21 20:20:01,117 DEBUG org.springframework.beans.factory.support.DefaultListableBeanFactory [Test worker] Autowiring by type from bean name 'rentalManageController' via constructor to bean named 'defaultRentalService'
2024-05-21 20:20:01,117 DEBUG org.springframework.beans.factory.support.DefaultListableBeanFactory [Test worker] Creating shared instance of singleton bean 'reportManageController'
2024-05-21 20:20:01,118 DEBUG org.springframework.beans.factory.support.DefaultListableBeanFactory [Test worker] Creating shared instance of singleton bean 'defaultRentalReportService'
2024-05-21 20:20:01,118 DEBUG org.springframework.beans.factory.support.DefaultListableBeanFactory [Test worker] Creating shared instance of singleton bean 'rentalReportDao'
2024-05-21 20:20:01,124 DEBUG org.springframework.beans.factory.support.DefaultListableBeanFactory [Test worker] Autowiring by type from bean name 'defaultRentalReportService' via constructor to bean named 'rentalReportDao'
2024-05-21 20:20:01,125 DEBUG org.springframework.beans.factory.support.DefaultListableBeanFactory [Test worker] Creating shared instance of singleton bean 'defaultTextReportService'
2024-05-21 20:20:01,125 DEBUG org.springframework.beans.factory.support.DefaultListableBeanFactory [Test worker] Creating shared instance of singleton bean 'textReportDao'
2024-05-21 20:20:01,130 DEBUG org.springframework.beans.factory.support.DefaultListableBeanFactory [Test worker] Autowiring by type from bean name 'defaultTextReportService' via constructor to bean named 'textReportDao'
2024-05-21 20:20:01,131 DEBUG org.springframework.beans.factory.support.DefaultListableBeanFactory [Test worker] Autowiring by type from bean name 'reportManageController' via constructor to bean named 'defaultRentalReportService'
2024-05-21 20:20:01,131 DEBUG org.springframework.beans.factory.support.DefaultListableBeanFactory [Test worker] Autowiring by type from bean name 'reportManageController' via constructor to bean named 'defaultTextReportService'
2024-05-21 20:20:01,131 DEBUG org.springframework.beans.factory.support.DefaultListableBeanFactory [Test worker] Autowiring by type from bean name 'reportManageController' via constructor to bean named 'defaultMemberService'
2024-05-21 20:20:01,131 DEBUG org.springframework.beans.factory.support.DefaultListableBeanFactory [Test worker] Autowiring by type from bean name 'reportManageController' via constructor to bean named 'defaultRentalService'
2024-05-21 20:20:01,134 DEBUG org.springframework.beans.factory.support.DefaultListableBeanFactory [Test worker] Creating shared instance of singleton bean 'ncpStorageService'
2024-05-21 20:20:01,134 DEBUG org.springframework.core.env.PropertySourcesPropertyResolver [Test worker] Found key 'ncp.ss.endpoint' in PropertySource 'environmentProperties' with value of type String
2024-05-21 20:20:01,135 DEBUG org.springframework.core.env.PropertySourcesPropertyResolver [Test worker] Found key 'ncp.accesskey' in PropertySource 'environmentProperties' with value of type String
2024-05-21 20:20:01,135 DEBUG org.springframework.core.env.PropertySourcesPropertyResolver [Test worker] Found key 'ncp.secretkey' in PropertySource 'environmentProperties' with value of type String
2024-05-21 20:20:01,164 DEBUG com.amazonaws.internal.config.InternalConfig [Test worker] Configuration override awssdk_config_override.json not found.
2024-05-21 20:20:01,180 DEBUG com.amazonaws.AmazonWebServiceClient [Test worker] Internal logging successfully configured to commons logger: true
2024-05-21 20:20:01,218 DEBUG com.amazonaws.metrics.AwsSdkMetrics [Test worker] Admin mbean registered under com.amazonaws.management:type=AwsSdkMetrics
2024-05-21 20:20:01,257 DEBUG jdk.event.security [Test worker] X509Certificate: Alg:SHA256withRSA, Serial:570a119742c4e3cc, Subject:CN=Actalis Authentication Root CA, O=Actalis S.p.A./03358520967, L=Milan, C=IT, Issuer:CN=Actalis Authentication Root CA, O=Actalis S.p.A./03358520967, L=Milan, C=IT, Key type:RSA, Length:4096, Cert Id:1729119956, Valid from:11. 9. 22. 오후 8:22, Valid until:30. 9. 22. 오후 8:22
2024-05-21 20:20:01,258 DEBUG jdk.event.security [Test worker] X509Certificate: Alg:SHA1withRSA, Serial:1, Subject:CN=AddTrust External CA Root, OU=AddTrust External TTP Network, O=AddTrust AB, C=SE, Issuer:CN=AddTrust External CA Root, OU=AddTrust External TTP Network, O=AddTrust AB, C=SE, Key type:RSA, Length:2048, Cert Id:3968614624, Valid from:00. 5. 30. 오후 7:48, Valid until:20. 5. 30. 오후 7:48
2024-05-21 20:20:01,259 DEBUG jdk.event.security [Test worker] X509Certificate: Alg:SHA1withRSA, Serial:1, Subject:CN=AddTrust Qualified CA Root, OU=AddTrust TTP Network, O=AddTrust AB, C=SE, Issuer:CN=AddTrust Qualified CA Root, OU=AddTrust TTP Network, O=AddTrust AB, C=SE, Key type:RSA, Length:2048, Cert Id:607365522, Valid from:00. 5. 30. 오후 7:44, Valid until:20. 5. 30. 오후 7:44
2024-05-21 20:20:01,260 DEBUG jdk.event.security [Test worker] X509Certificate: Alg:SHA256withRSA, Serial:7777062726a9b17c, Subject:CN=AffirmTrust Commercial, O=AffirmTrust, C=US, Issuer:CN=AffirmTrust Commercial, O=AffirmTrust, C=US, Key type:RSA, Length:2048, Cert Id:630485644, Valid from:10. 1. 29. 오후 11:06, Valid until:30. 12. 31. 오후 11:06
2024-05-21 20:20:01,260 DEBUG jdk.event.security [Test worker] X509Certificate: Alg:SHA1withRSA, Serial:7c4f04391cd4992d, Subject:CN=AffirmTrust Networking, O=AffirmTrust, C=US, Issuer:CN=AffirmTrust Networking, O=AffirmTrust, C=US, Key type:RSA, Length:2048, Cert Id:651670175, Valid from:10. 1. 29. 오후 11:08, Valid until:30. 12. 31. 오후 11:08
2024-05-21 20:20:01,261 DEBUG jdk.event.security [Test worker] X509Certificate: Alg:SHA384withRSA, Serial:6d8c1446b1a60aee, Subject:CN=AffirmTrust Premium, O=AffirmTrust, C=US, Issuer:CN=AffirmTrust Premium, O=AffirmTrust, C=US, Key type:RSA, Length:4096, Cert Id:2164683341, Valid from:10. 1. 29. 오후 11:10, Valid until:40. 12. 31. 오후 11:10
2024-05-21 20:20:01,261 DEBUG jdk.event.security [Test worker] X509Certificate: Alg:SHA384withECDSA, Serial:7497258ac73f7a54, Subject:CN=AffirmTrust Premium ECC, O=AffirmTrust, C=US, Issuer:CN=AffirmTrust Premium ECC, O=AffirmTrust, C=US, Key type:EC, Length:384, Cert Id:2214603510, Valid from:10. 1. 29. 오후 11:20, Valid until:40. 12. 31. 오후 11:20
2024-05-21 20:20:01,262 DEBUG jdk.event.security [Test worker] X509Certificate: Alg:SHA256withRSA, Serial:66c9fcf99bf8c0a39e2f0788a43e696365bca, Subject:CN=Amazon Root CA 1, O=Amazon, C=US, Issuer:CN=Amazon Root CA 1, O=Amazon, C=US, Key type:RSA, Length:2048, Cert Id:2822522334, Valid from:15. 5. 26. 오전 9:00, Valid until:38. 1. 17. 오전 9:00
2024-05-21 20:20:01,262 DEBUG jdk.event.security [Test worker] X509Certificate: Alg:SHA384withRSA, Serial:66c9fd29635869f0a0fe58678f85b26bb8a37, Subject:CN=Amazon Root CA 2, O=Amazon, C=US, Issuer:CN=Amazon Root CA 2, O=Amazon, C=US, Key type:RSA, Length:4096, Cert Id:2528834908, Valid from:15. 5. 26. 오전 9:00, Valid until:40. 5. 26. 오전 9:00
2024-05-21 20:20:01,262 DEBUG jdk.event.security [Test worker] X509Certificate: Alg:SHA256withECDSA, Serial:66c9fd5749736663f3b0b9ad9e89e7603f24a, Subject:CN=Amazon Root CA 3, O=Amazon, C=US, Issuer:CN=Amazon Root CA 3, O=Amazon, C=US, Key type:EC, Length:256, Cert Id:2732679773, Valid from:15. 5. 26. 오전 9:00, Valid until:40. 5. 26. 오전 9:00
2024-05-21 20:20:01,263 DEBUG jdk.event.security [Test worker] X509Certificate: Alg:SHA384withECDSA, Serial:66c9fd7c1bb104c2943e5717b7b2cc81ac10e, Subject:CN=Amazon Root CA 4, O=Amazon, C=US, Issuer:CN=Amazon Root CA 4, O=Amazon, C=US, Key type:EC, Length:384, Cert Id:2640694783, Valid from:15. 5. 26. 오전 9:00, Valid until:40. 5. 26. 오전 9:00
2024-05-21 20:20:01,264 DEBUG jdk.event.security [Test worker] X509Certificate: Alg:SHA1withRSA, Serial:20000b9, Subject:CN=Baltimore CyberTrust Root, OU=CyberTrust, O=Baltimore, C=IE, Issuer:CN=Baltimore CyberTrust Root, OU=CyberTrust, O=Baltimore, C=IE, Key type:RSA, Length:2048, Cert Id:1425294543, Valid from:00. 5. 13. 오전 3:46, Valid until:25. 5. 13. 오전 8:59
2024-05-21 20:20:01,265 DEBUG jdk.event.security [Test worker] X509Certificate: Alg:SHA256withRSA, Serial:2, Subject:CN=Buypass Class 2 Root CA, O=Buypass AS-983163327, C=NO, Issuer:CN=Buypass Class 2 Root CA, O=Buypass AS-983163327, C=NO, Key type:RSA, Length:4096, Cert Id:969960563, Valid from:10. 10. 26. 오후 5:38, Valid until:40. 10. 26. 오후 5:38
2024-05-21 20:20:01,265 DEBUG jdk.event.security [Test worker] X509Certificate: Alg:SHA256withRSA, Serial:2, Subject:CN=Buypass Class 3 Root CA, O=Buypass AS-983163327, C=NO, Issuer:CN=Buypass Class 3 Root CA, O=Buypass AS-983163327, C=NO, Key type:RSA, Length:4096, Cert Id:1264269967, Valid from:10. 10. 26. 오후 5:28, Valid until:40. 10. 26. 오후 5:28
2024-05-21 20:20:01,266 DEBUG jdk.event.security [Test worker] X509Certificate: Alg:SHA1withRSA, Serial:a3da427ea4b1aeda, Subject:CN=Chambers of Commerce Root - 2008, O=AC Camerfirma S.A., SERIALNUMBER=A82743287, L=Madrid (see current address at www.camerfirma.com/address), C=EU, Issuer:CN=Chambers of Commerce Root - 2008, O=AC Camerfirma S.A., SERIALNUMBER=A82743287, L=Madrid (see current address at www.camerfirma.com/address), C=EU, Key type:RSA, Length:4096, Cert Id:4266703372, Valid from:08. 8. 1. 오후 9:29, Valid until:38. 7. 31. 오후 9:29
2024-05-21 20:20:01,268 DEBUG jdk.event.security [Test worker] X509Certificate: Alg:SHA1withRSA, Serial:0, Subject:CN=Chambers of Commerce Root, OU=http://www.chambersign.org, O=AC Camerfirma SA CIF A82743287, C=EU, Issuer:CN=Chambers of Commerce Root, OU=http://www.chambersign.org, O=AC Camerfirma SA CIF A82743287, C=EU, Key type:RSA, Length:2048, Cert Id:1827306452, Valid from:03. 10. 1. 오전 1:13, Valid until:37. 10. 1. 오전 1:13
2024-05-21 20:20:01,268 DEBUG jdk.event.security [Test worker] X509Certificate: Alg:SHA1withRSA, Serial:c9cdd3e9d57d23ce, Subject:CN=Global Chambersign Root - 2008, O=AC Camerfirma S.A., SERIALNUMBER=A82743287, L=Madrid (see current address at www.camerfirma.com/address), C=EU, Issuer:CN=Global Chambersign Root - 2008, O=AC Camerfirma S.A., SERIALNUMBER=A82743287, L=Madrid (see current address at www.camerfirma.com/address), C=EU, Key type:RSA, Length:4096, Cert Id:1271252776, Valid from:08. 8. 1. 오후 9:31, Valid until:38. 7. 31. 오후 9:31
2024-05-21 20:20:01,269 DEBUG jdk.event.security [Test worker] X509Certificate: Alg:SHA1withRSA, Serial:fedce3010fc948ff, Subject:CN=Certigna, O=Dhimyotis, C=FR, Issuer:CN=Certigna, O=Dhimyotis, C=FR, Key type:RSA, Length:2048, Cert Id:3506875840, Valid from:07. 6. 30. 오전 12:13, Valid until:27. 6. 30. 오전 12:13
2024-05-21 20:20:01,269 DEBUG jdk.event.security [Test worker] X509Certificate: Alg:SHA256withRSA, Serial:cae91b89f155030da3e6416dc4e3a6e1, Subject:CN=Certigna Root CA, OU=0002 48146308100036, O=Dhimyotis, C=FR, Issuer:CN=Certigna Root CA, OU=0002 48146308100036, O=Dhimyotis, C=FR, Key type:RSA, Length:4096, Cert Id:356684591, Valid from:13. 10. 1. 오후 5:32, Valid until:33. 10. 1. 오후 5:32
2024-05-21 20:20:01,269 DEBUG jdk.event.security [Test worker] X509Certificate: Alg:SHA1withRSA, Serial:10020, Subject:CN=Certum CA, O=Unizeto Sp. z o.o., C=PL, Issuer:CN=Certum CA, O=Unizeto Sp. z o.o., C=PL, Key type:RSA, Length:2048, Cert Id:3550516030, Valid from:02. 6. 11. 오후 7:46, Valid until:27. 6. 11. 오후 7:46
2024-05-21 20:20:01,270 DEBUG jdk.event.security [Test worker] X509Certificate: Alg:SHA1withRSA, Serial:444c0, Subject:CN=Certum Trusted Network CA, OU=Certum Certification Authority, O=Unizeto Technologies S.A., C=PL, Issuer:CN=Certum Trusted Network CA, OU=Certum Certification Authority, O=Unizeto Technologies S.A., C=PL, Key type:RSA, Length:2048, Cert Id:2014002193, Valid from:08. 10. 22. 오후 9:07, Valid until:29. 12. 31. 오후 9:07
2024-05-21 20:20:01,270 DEBUG jdk.event.security [Test worker] X509Certificate: Alg:SHA1withRSA, Serial:15c8bd65475cafb897005ee406d2bc9d, Subject:OU=ePKI Root Certification Authority, O="Chunghwa Telecom Co., Ltd.", C=TW, Issuer:OU=ePKI Root Certification Authority, O="Chunghwa Telecom Co., Ltd.", C=TW, Key type:RSA, Length:4096, Cert Id:3632331159, Valid from:04. 12. 20. 오전 11:31, Valid until:34. 12. 20. 오전 11:31
2024-05-21 20:20:01,271 DEBUG jdk.event.security [Test worker] X509Certificate: Alg:SHA1withRSA, Serial:1, Subject:CN=AAA Certificate Services, O=Comodo CA Limited, L=Salford, ST=Greater Manchester, C=GB, Issuer:CN=AAA Certificate Services, O=Comodo CA Limited, L=Salford, ST=Greater Manchester, C=GB, Key type:RSA, Length:2048, Cert Id:3097386402, Valid from:04. 1. 1. 오전 9:00, Valid until:29. 1. 1. 오전 8:59
2024-05-21 20:20:01,271 DEBUG jdk.event.security [Test worker] X509Certificate: Alg:SHA384withECDSA, Serial:1f47afaa62007050544c019e9b63992a, Subject:CN=COMODO ECC Certification Authority, O=COMODO CA Limited, L=Salford, ST=Greater Manchester, C=GB, Issuer:CN=COMODO ECC Certification Authority, O=COMODO CA Limited, L=Salford, ST=Greater Manchester, C=GB, Key type:EC, Length:384, Cert Id:1146488932, Valid from:08. 3. 6. 오전 9:00, Valid until:38. 1. 19. 오전 8:59
2024-05-21 20:20:01,272 DEBUG jdk.event.security [Test worker] X509Certificate: Alg:SHA384withRSA, Serial:4caaf9cadb636fe01ff74ed85b03869d, Subject:CN=COMODO RSA Certification Authority, O=COMODO CA Limited, L=Salford, ST=Greater Manchester, C=GB, Issuer:CN=COMODO RSA Certification Authority, O=COMODO CA Limited, L=Salford, ST=Greater Manchester, C=GB, Key type:RSA, Length:4096, Cert Id:1769425049, Valid from:10. 1. 19. 오전 9:00, Valid until:38. 1. 19. 오전 8:59
2024-05-21 20:20:01,272 DEBUG jdk.event.security [Test worker] X509Certificate: Alg:SHA256withRSA, Serial:b931c3ad63967ea6723bfc3af9af44b, Subject:CN=DigiCert Assured ID Root G2, OU=www.digicert.com, O=DigiCert Inc, C=US, Issuer:CN=DigiCert Assured ID Root G2, OU=www.digicert.com, O=DigiCert Inc, C=US, Key type:RSA, Length:2048, Cert Id:3909568913, Valid from:13. 8. 1. 오후 9:00, Valid until:38. 1. 15. 오후 9:00
2024-05-21 20:20:01,273 DEBUG jdk.event.security [Test worker] X509Certificate: Alg:SHA384withECDSA, Serial:ba15afa1ddfa0b54944afcd24a06cec, Subject:CN=DigiCert Assured ID Root G3, OU=www.digicert.com, O=DigiCert Inc, C=US, Issuer:CN=DigiCert Assured ID Root G3, OU=www.digicert.com, O=DigiCert Inc, C=US, Key type:EC, Length:384, Cert Id:3649430051, Valid from:13. 8. 1. 오후 9:00, Valid until:38. 1. 15. 오후 9:00
2024-05-21 20:20:01,273 DEBUG jdk.event.security [Test worker] X509Certificate: Alg:SHA1withRSA, Serial:ce7e0e517d846fe8fe560fc1bf03039, Subject:CN=DigiCert Assured ID Root CA, OU=www.digicert.com, O=DigiCert Inc, C=US, Issuer:CN=DigiCert Assured ID Root CA, OU=www.digicert.com, O=DigiCert Inc, C=US, Key type:RSA, Length:2048, Cert Id:3434562768, Valid from:06. 11. 10. 오전 9:00, Valid until:31. 11. 10. 오전 9:00
2024-05-21 20:20:01,274 DEBUG jdk.event.security [Test worker] X509Certificate: Alg:SHA384withECDSA, Serial:3698fe712d519f3ced0fdb7b1643011, Subject:CN=DigiCert CS ECC P384 Root G5, O="DigiCert, Inc.", C=US, Issuer:CN=DigiCert CS ECC P384 Root G5, O="DigiCert, Inc.", C=US, Key type:EC, Length:384, Cert Id:381797637, Valid from:21. 1. 15. 오전 9:00, Valid until:46. 1. 15. 오전 8:59
2024-05-21 20:20:01,274 DEBUG jdk.event.security [Test worker] X509Certificate: Alg:SHA384withRSA, Serial:6cee131be6d55c807f7c0c7fb44e620, Subject:CN=DigiCert CS RSA4096 Root G5, O="DigiCert, Inc.", C=US, Issuer:CN=DigiCert CS RSA4096 Root G5, O="DigiCert, Inc.", C=US, Key type:RSA, Length:4096, Cert Id:1193514382, Valid from:21. 1. 15. 오전 9:00, Valid until:46. 1. 15. 오전 8:59
2024-05-21 20:20:01,275 DEBUG jdk.event.security [Test worker] X509Certificate: Alg:SHA1withRSA, Serial:83be056904246b1a1756ac95991c74a, Subject:CN=DigiCert Global Root CA, OU=www.digicert.com, O=DigiCert Inc, C=US, Issuer:CN=DigiCert Global Root CA, OU=www.digicert.com, O=DigiCert Inc, C=US, Key type:RSA, Length:2048, Cert Id:1341898239, Valid from:06. 11. 10. 오전 9:00, Valid until:31. 11. 10. 오전 9:00
2024-05-21 20:20:01,275 DEBUG jdk.event.security [Test worker] X509Certificate: Alg:SHA256withRSA, Serial:33af1e6a711a9a0bb2864b11d09fae5, Subject:CN=DigiCert Global Root G2, OU=www.digicert.com, O=DigiCert Inc, C=US, Issuer:CN=DigiCert Global Root G2, OU=www.digicert.com, O=DigiCert Inc, C=US, Key type:RSA, Length:2048, Cert Id:1136084297, Valid from:13. 8. 1. 오후 9:00, Valid until:38. 1. 15. 오후 9:00
2024-05-21 20:20:01,276 DEBUG jdk.event.security [Test worker] X509Certificate: Alg:SHA384withECDSA, Serial:55556bcf25ea43535c3a40fd5ab4572, Subject:CN=DigiCert Global Root G3, OU=www.digicert.com, O=DigiCert Inc, C=US, Issuer:CN=DigiCert Global Root G3, OU=www.digicert.com, O=DigiCert Inc, C=US, Key type:EC, Length:384, Cert Id:3498998753, Valid from:13. 8. 1. 오후 9:00, Valid until:38. 1. 15. 오후 9:00
2024-05-21 20:20:01,276 DEBUG jdk.event.security [Test worker] X509Certificate: Alg:SHA1withRSA, Serial:2ac5c266a0b409b8f0b79f2ae462577, Subject:CN=DigiCert High Assurance EV Root CA, OU=www.digicert.com, O=DigiCert Inc, C=US, Issuer:CN=DigiCert High Assurance EV Root CA, OU=www.digicert.com, O=DigiCert Inc, C=US, Key type:RSA, Length:2048, Cert Id:2884286942, Valid from:06. 11. 10. 오전 9:00, Valid until:31. 11. 10. 오전 9:00
2024-05-21 20:20:01,277 DEBUG jdk.event.security [Test worker] X509Certificate: Alg:SHA384withECDSA, Serial:9e09365acf7d9c8b93e1c0b042a2ef3, Subject:CN=DigiCert TLS ECC P384 Root G5, O="DigiCert, Inc.", C=US, Issuer:CN=DigiCert TLS ECC P384 Root G5, O="DigiCert, Inc.", C=US, Key type:EC, Length:384, Cert Id:3940772018, Valid from:21. 1. 15. 오전 9:00, Valid until:46. 1. 15. 오전 8:59
2024-05-21 20:20:01,277 DEBUG jdk.event.security [Test worker] X509Certificate: Alg:SHA384withRSA, Serial:8f9b478a8fa7eda6a333789de7ccf8a, Subject:CN=DigiCert TLS RSA4096 Root G5, O="DigiCert, Inc.", C=US, Issuer:CN=DigiCert TLS RSA4096 Root G5, O="DigiCert, Inc.", C=US, Key type:RSA, Length:4096, Cert Id:165956757, Valid from:21. 1. 15. 오전 9:00, Valid until:46. 1. 15. 오전 8:59
2024-05-21 20:20:01,278 DEBUG jdk.event.security [Test worker] X509Certificate: Alg:SHA384withRSA, Serial:59b1b579e8e2132e23907bda777755c, Subject:CN=DigiCert Trusted Root G4, OU=www.digicert.com, O=DigiCert Inc, C=US, Issuer:CN=DigiCert Trusted Root G4, OU=www.digicert.com, O=DigiCert Inc, C=US, Key type:RSA, Length:4096, Cert Id:1057369358, Valid from:13. 8. 1. 오후 9:00, Valid until:38. 1. 15. 오후 9:00
2024-05-21 20:20:01,278 DEBUG jdk.event.security [Test worker] X509Certificate: Alg:SHA256withRSA, Serial:983f3, Subject:CN=D-TRUST Root Class 3 CA 2 2009, O=D-Trust GmbH, C=DE, Issuer:CN=D-TRUST Root Class 3 CA 2 2009, O=D-Trust GmbH, C=DE, Key type:RSA, Length:2048, Cert Id:1430153102, Valid from:09. 11. 5. 오후 5:35, Valid until:29. 11. 5. 오후 5:35
2024-05-21 20:20:01,279 DEBUG jdk.event.security [Test worker] X509Certificate: Alg:SHA256withRSA, Serial:983f4, Subject:CN=D-TRUST Root Class 3 CA 2 EV 2009, O=D-Trust GmbH, C=DE, Issuer:CN=D-TRUST Root Class 3 CA 2 EV 2009, O=D-Trust GmbH, C=DE, Key type:RSA, Length:2048, Cert Id:971313728, Valid from:09. 11. 5. 오후 5:50, Valid until:29. 11. 5. 오후 5:50
2024-05-21 20:20:01,279 DEBUG jdk.event.security [Test worker] X509Certificate: Alg:SHA384withECDSA, Serial:3cf607a968700eda8b84, Subject:CN=emSign ECC Root CA - G3, O=eMudhra Technologies Limited, OU=emSign PKI, C=IN, Issuer:CN=emSign ECC Root CA - G3, O=eMudhra Technologies Limited, OU=emSign PKI, C=IN, Key type:EC, Length:384, Cert Id:3832035707, Valid from:18. 2. 19. 오전 3:30, Valid until:43. 2. 19. 오전 3:30
2024-05-21 20:20:01,279 DEBUG jdk.event.security [Test worker] X509Certificate: Alg:SHA256withRSA, Serial:31f5e4620c6c58edd6d8, Subject:CN=emSign Root CA - G1, O=eMudhra Technologies Limited, OU=emSign PKI, C=IN, Issuer:CN=emSign Root CA - G1, O=eMudhra Technologies Limited, OU=emSign PKI, C=IN, Key type:RSA, Length:2048, Cert Id:392709196, Valid from:18. 2. 19. 오전 3:30, Valid until:43. 2. 19. 오전 3:30
2024-05-21 20:20:01,280 DEBUG jdk.event.security [Test worker] X509Certificate: Alg:SHA384withRSA, Serial:864dbf0fe35ed77d8ed8, Subject:CN=emSign Root CA - G2, O=eMudhra Technologies Limited, OU=emSign PKI, C=IN, Issuer:CN=emSign Root CA - G2, O=eMudhra Technologies Limited, OU=emSign PKI, C=IN, Key type:RSA, Length:4096, Cert Id:3373940126, Valid from:18. 2. 19. 오전 3:30, Valid until:43. 2. 19. 오전 3:30
2024-05-21 20:20:01,280 DEBUG jdk.event.security [Test worker] X509Certificate: Alg:SHA1withRSA, Serial:3863def8, Subject:CN=Entrust.net Certification Authority (2048), OU=(c) 1999 Entrust.net Limited, OU=www.entrust.net/CPS_2048 incorp. by ref. (limits liab.), O=Entrust.net, Issuer:CN=Entrust.net Certification Authority (2048), OU=(c) 1999 Entrust.net Limited, OU=www.entrust.net/CPS_2048 incorp. by ref. (limits liab.), O=Entrust.net, Key type:RSA, Length:2048, Cert Id:3966431214, Valid from:99. 12. 25. 오전 2:50, Valid until:29. 7. 24. 오후 11:15
2024-05-21 20:20:01,280 DEBUG jdk.event.security [Test worker] X509Certificate: Alg:SHA1withRSA, Serial:456b5054, Subject:CN=Entrust Root Certification Authority, OU="(c) 2006 Entrust, Inc.", OU=www.entrust.net/CPS is incorporated by reference, O="Entrust, Inc.", C=US, Issuer:CN=Entrust Root Certification Authority, OU="(c) 2006 Entrust, Inc.", OU=www.entrust.net/CPS is incorporated by reference, O="Entrust, Inc.", C=US, Key type:RSA, Length:2048, Cert Id:3033563200, Valid from:06. 11. 28. 오전 5:23, Valid until:26. 11. 28. 오전 5:53
2024-05-21 20:20:01,281 DEBUG jdk.event.security [Test worker] X509Certificate: Alg:SHA384withECDSA, Serial:a68b79290000000050d091f9, Subject:CN=Entrust Root Certification Authority - EC1, OU="(c) 2012 Entrust, Inc. - for authorized use only", OU=See www.entrust.net/legal-terms, O="Entrust, Inc.", C=US, Issuer:CN=Entrust Root Certification Authority - EC1, OU="(c) 2012 Entrust, Inc. - for authorized use only", OU=See www.entrust.net/legal-terms, O="Entrust, Inc.", C=US, Key type:EC, Length:384, Cert Id:924514073, Valid from:12. 12. 19. 오전 12:25, Valid until:37. 12. 19. 오전 12:55
2024-05-21 20:20:01,281 DEBUG jdk.event.security [Test worker] X509Certificate: Alg:SHA256withRSA, Serial:4a538c28, Subject:CN=Entrust Root Certification Authority - G2, OU="(c) 2009 Entrust, Inc. - for authorized use only", OU=See www.entrust.net/legal-terms, O="Entrust, Inc.", C=US, Issuer:CN=Entrust Root Certification Authority - G2, OU="(c) 2009 Entrust, Inc. - for authorized use only", OU=See www.entrust.net/legal-terms, O="Entrust, Inc.", C=US, Key type:RSA, Length:2048, Cert Id:1936920337, Valid from:09. 7. 8. 오전 2:25, Valid until:30. 12. 8. 오전 2:55
2024-05-21 20:20:01,282 DEBUG jdk.event.security [Test worker] X509Certificate: Alg:SHA256withRSA, Serial:d9b5437fafa9390f000000005565ad58, Subject:CN=Entrust Root Certification Authority - G4, OU="(c) 2015 Entrust, Inc. - for authorized use only", OU=See www.entrust.net/legal-terms, O="Entrust, Inc.", C=US, Issuer:CN=Entrust Root Certification Authority - G4, OU="(c) 2015 Entrust, Inc. - for authorized use only", OU=See www.entrust.net/legal-terms, O="Entrust, Inc.", C=US, Key type:RSA, Length:4096, Cert Id:1368037548, Valid from:15. 5. 27. 오후 8:11, Valid until:37. 12. 27. 오후 8:41
2024-05-21 20:20:01,282 DEBUG jdk.event.security [Test worker] X509Certificate: Alg:SHA1withRSA, Serial:23456, Subject:CN=GeoTrust Global CA, O=GeoTrust Inc., C=US, Issuer:CN=GeoTrust Global CA, O=GeoTrust Inc., C=US, Key type:RSA, Length:2048, Cert Id:2266349922, Valid from:02. 5. 21. 오후 1:00, Valid until:22. 5. 21. 오후 1:00
2024-05-21 20:20:01,282 DEBUG jdk.event.security [Test worker] X509Certificate: Alg:SHA1withRSA, Serial:18acb56afd69b6153a636cafdafac4a1, Subject:CN=GeoTrust Primary Certification Authority, O=GeoTrust Inc., C=US, Issuer:CN=GeoTrust Primary Certification Authority, O=GeoTrust Inc., C=US, Key type:RSA, Length:2048, Cert Id:3329622139, Valid from:06. 11. 27. 오전 9:00, Valid until:36. 7. 17. 오전 8:59
2024-05-21 20:20:01,283 DEBUG jdk.event.security [Test worker] X509Certificate: Alg:SHA384withECDSA, Serial:3cb2f4480a00e2feeb243b5e603ec36b, Subject:CN=GeoTrust Primary Certification Authority - G2, OU=(c) 2007 GeoTrust Inc. - For authorized use only, O=GeoTrust Inc., C=US, Issuer:CN=GeoTrust Primary Certification Authority - G2, OU=(c) 2007 GeoTrust Inc. - For authorized use only, O=GeoTrust Inc., C=US, Key type:EC, Length:384, Cert Id:3180663474, Valid from:07. 11. 5. 오전 9:00, Valid until:38. 1. 19. 오전 8:59
2024-05-21 20:20:01,283 DEBUG jdk.event.security [Test worker] X509Certificate: Alg:SHA256withRSA, Serial:15ac6e9419b2794b41f627a9c3180f1f, Subject:CN=GeoTrust Primary Certification Authority - G3, OU=(c) 2008 GeoTrust Inc. - For authorized use only, O=GeoTrust Inc., C=US, Issuer:CN=GeoTrust Primary Certification Authority - G3, OU=(c) 2008 GeoTrust Inc. - For authorized use only, O=GeoTrust Inc., C=US, Key type:RSA, Length:2048, Cert Id:2964813538, Valid from:08. 4. 2. 오전 9:00, Valid until:37. 12. 2. 오전 8:59
2024-05-21 20:20:01,283 DEBUG jdk.event.security [Test worker] X509Certificate: Alg:SHA1withRSA, Serial:1, Subject:CN=GeoTrust Universal CA, O=GeoTrust Inc., C=US, Issuer:CN=GeoTrust Universal CA, O=GeoTrust Inc., C=US, Key type:RSA, Length:4096, Cert Id:313566089, Valid from:04. 3. 4. 오후 2:00, Valid until:29. 3. 4. 오후 2:00
2024-05-21 20:20:01,284 DEBUG jdk.event.security [Test worker] X509Certificate: Alg:SHA1withRSA, Serial:40000000001154b5ac394, Subject:CN=GlobalSign Root CA, OU=Root CA, O=GlobalSign nv-sa, C=BE, Issuer:CN=GlobalSign Root CA, OU=Root CA, O=GlobalSign nv-sa, C=BE, Key type:RSA, Length:2048, Cert Id:536948034, Valid from:98. 9. 1. 오후 9:00, Valid until:28. 1. 28. 오후 9:00
2024-05-21 20:20:01,284 DEBUG jdk.event.security [Test worker] X509Certificate: Alg:SHA256withECDSA, Serial:2a38a41c960a04de42b228a50be8349802, Subject:CN=GlobalSign, O=GlobalSign, OU=GlobalSign ECC Root CA - R4, Issuer:CN=GlobalSign, O=GlobalSign, OU=GlobalSign ECC Root CA - R4, Key type:EC, Length:256, Cert Id:2371693751, Valid from:12. 11. 13. 오전 9:00, Valid until:38. 1. 19. 오후 12:14
2024-05-21 20:20:01,284 DEBUG jdk.event.security [Test worker] X509Certificate: Alg:SHA384withECDSA, Serial:605949e0262ebb55f90a778a71f94ad86c, Subject:CN=GlobalSign, O=GlobalSign, OU=GlobalSign ECC Root CA - R5, Issuer:CN=GlobalSign, O=GlobalSign, OU=GlobalSign ECC Root CA - R5, Key type:EC, Length:384, Cert Id:1997048439, Valid from:12. 11. 13. 오전 9:00, Valid until:38. 1. 19. 오후 12:14
2024-05-21 20:20:01,284 DEBUG jdk.event.security [Test worker] X509Certificate: Alg:SHA256withRSA, Serial:4000000000121585308a2, Subject:CN=GlobalSign, O=GlobalSign, OU=GlobalSign Root CA - R3, Issuer:CN=GlobalSign, O=GlobalSign, OU=GlobalSign Root CA - R3, Key type:RSA, Length:2048, Cert Id:733875591, Valid from:09. 3. 18. 오후 7:00, Valid until:29. 3. 18. 오후 7:00
2024-05-21 20:20:01,285 DEBUG jdk.event.security [Test worker] X509Certificate: Alg:SHA384withRSA, Serial:45e6bb038333c3856548e6ff4551, Subject:CN=GlobalSign, O=GlobalSign, OU=GlobalSign Root CA - R6, Issuer:CN=GlobalSign, O=GlobalSign, OU=GlobalSign Root CA - R6, Key type:RSA, Length:4096, Cert Id:3788339543, Valid from:14. 12. 10. 오전 9:00, Valid until:34. 12. 10. 오전 9:00
2024-05-21 20:20:01,285 DEBUG jdk.event.security [Test worker] X509Certificate: Alg:SHA1withRSA, Serial:0, Subject:OU=Go Daddy Class 2 Certification Authority, O="The Go Daddy Group, Inc.", C=US, Issuer:OU=Go Daddy Class 2 Certification Authority, O="The Go Daddy Group, Inc.", C=US, Key type:RSA, Length:2048, Cert Id:4023522997, Valid from:04. 6. 30. 오전 2:06, Valid until:34. 6. 30. 오전 2:06
2024-05-21 20:20:01,285 DEBUG jdk.event.security [Test worker] X509Certificate: Alg:SHA256withRSA, Serial:0, Subject:CN=Go Daddy Root Certificate Authority - G2, O="GoDaddy.com, Inc.", L=Scottsdale, ST=Arizona, C=US, Issuer:CN=Go Daddy Root Certificate Authority - G2, O="GoDaddy.com, Inc.", L=Scottsdale, ST=Arizona, C=US, Key type:RSA, Length:2048, Cert Id:439600313, Valid from:09. 9. 1. 오전 9:00, Valid until:38. 1. 1. 오전 8:59
2024-05-21 20:20:01,285 DEBUG jdk.event.security [Test worker] X509Certificate: Alg:SHA384withRSA, Serial:203e5936f31b01349886ba217, Subject:CN=GTS Root R1, O=Google Trust Services LLC, C=US, Issuer:CN=GTS Root R1, O=Google Trust Services LLC, C=US, Key type:RSA, Length:4096, Cert Id:657172038, Valid from:16. 6. 22. 오전 9:00, Valid until:36. 6. 22. 오전 9:00
2024-05-21 20:20:01,286 DEBUG jdk.event.security [Test worker] X509Certificate: Alg:SHA384withRSA, Serial:203e5aec58d04251aab1125aa, Subject:CN=GTS Root R2, O=Google Trust Services LLC, C=US, Issuer:CN=GTS Root R2, O=Google Trust Services LLC, C=US, Key type:RSA, Length:4096, Cert Id:948387669, Valid from:16. 6. 22. 오전 9:00, Valid until:36. 6. 22. 오전 9:00
2024-05-21 20:20:01,286 DEBUG jdk.event.security [Test worker] X509Certificate: Alg:SHA384withECDSA, Serial:203e5b882eb20f825276d3d66, Subject:CN=GTS Root R3, O=Google Trust Services LLC, C=US, Issuer:CN=GTS Root R3, O=Google Trust Services LLC, C=US, Key type:EC, Length:384, Cert Id:1163081155, Valid from:16. 6. 22. 오전 9:00, Valid until:36. 6. 22. 오전 9:00
2024-05-21 20:20:01,286 DEBUG jdk.event.security [Test worker] X509Certificate: Alg:SHA384withECDSA, Serial:203e5c068ef631a9c72905052, Subject:CN=GTS Root R4, O=Google Trust Services LLC, C=US, Issuer:CN=GTS Root R4, O=Google Trust Services LLC, C=US, Key type:EC, Length:384, Cert Id:1326433111, Valid from:16. 6. 22. 오전 9:00, Valid until:36. 6. 22. 오전 9:00
2024-05-21 20:20:01,287 DEBUG jdk.event.security [Test worker] X509Certificate: Alg:SHA256withECDSA, Serial:0, Subject:CN=Hellenic Academic and Research Institutions ECC RootCA 2015, O=Hellenic Academic and Research Institutions Cert. Authority, L=Athens, C=GR, Issuer:CN=Hellenic Academic and Research Institutions ECC RootCA 2015, O=Hellenic Academic and Research Institutions Cert. Authority, L=Athens, C=GR, Key type:EC, Length:384, Cert Id:513613456, Valid from:15. 7. 7. 오후 7:37, Valid until:40. 6. 30. 오후 7:37
2024-05-21 20:20:01,287 DEBUG jdk.event.security [Test worker] X509Certificate: Alg:SHA256withRSA, Serial:0, Subject:CN=Hellenic Academic and Research Institutions RootCA 2015, O=Hellenic Academic and Research Institutions Cert. Authority, L=Athens, C=GR, Issuer:CN=Hellenic Academic and Research Institutions RootCA 2015, O=Hellenic Academic and Research Institutions Cert. Authority, L=Athens, C=GR, Key type:RSA, Length:4096, Cert Id:3491990565, Valid from:15. 7. 7. 오후 7:11, Valid until:40. 6. 30. 오후 7:11
2024-05-21 20:20:01,287 DEBUG jdk.event.security [Test worker] X509Certificate: Alg:SHA256withRSA, Serial:a0142800000014523c844b500000002, Subject:CN=IdenTrust Commercial Root CA 1, O=IdenTrust, C=US, Issuer:CN=IdenTrust Commercial Root CA 1, O=IdenTrust, C=US, Key type:RSA, Length:4096, Cert Id:1232565210, Valid from:14. 1. 17. 오전 3:12, Valid until:34. 1. 17. 오전 3:12
2024-05-21 20:20:01,288 DEBUG jdk.event.security [Test worker] X509Certificate: Alg:SHA256withRSA, Serial:a0142800000014523cf467c00000002, Subject:CN=IdenTrust Public Sector Root CA 1, O=IdenTrust, C=US, Issuer:CN=IdenTrust Public Sector Root CA 1, O=IdenTrust, C=US, Key type:RSA, Length:4096, Cert Id:2123370772, Valid from:14. 1. 17. 오전 2:53, Valid until:34. 1. 17. 오전 2:53
2024-05-21 20:20:01,288 DEBUG jdk.event.security [Test worker] X509Certificate: Alg:SHA256withRSA, Serial:8210cfb0d240e3594463e0bb63828b00, Subject:CN=ISRG Root X1, O=Internet Security Research Group, C=US, Issuer:CN=ISRG Root X1, O=Internet Security Research Group, C=US, Key type:RSA, Length:4096, Cert Id:1521974916, Valid from:15. 6. 4. 오후 8:04, Valid until:35. 6. 4. 오후 8:04
[...]
2024-05-21 20:20:01,796 DEBUG org.springframework.test.context.cache [Test worker] Spring test ApplicationContext cache statistics: [DefaultContextCache@506b083 size = 1, maxSize = 32, parentContextCount = 0, hitCount = 5, missCount = 1]
2024-05-21 20:20:01,797 DEBUG org.springframework.test.context.cache.DefaultCacheAwareContextLoaderDelegate [Test worker] Retrieved ApplicationContext [1821010113] from cache with key [[WebMergedContextConfiguration@74e47444 testClass = AppTest, locations = '{}', classes = '{class org.admin.App}', contextInitializerClasses = '[]', activeProfiles = '{}', propertySourceLocations = '{}', propertySourceProperties = '{org.springframework.boot.test.context.SpringBootTestContextBootstrapper=true}', contextCustomizers = set[org.springframework.boot.test.autoconfigure.actuate.metrics.MetricsExportContextCustomizerFactory$DisableMetricExportContextCustomizer@1339e7aa, org.springframework.boot.test.autoconfigure.properties.PropertyMappingContextCustomizer@0, org.springframework.boot.test.autoconfigure.web.servlet.WebDriverContextCustomizerFactory$Customizer@7a67e3c6, org.springframework.boot.test.context.filter.ExcludeFilterContextCustomizer@600b90df, org.springframework.boot.test.json.DuplicateJsonObjectContextCustomizerFactory$DuplicateJsonObjectContextCustomizer@78d6692f, org.springframework.boot.test.mock.mockito.MockitoContextCustomizer@0, org.springframework.boot.test.web.client.TestRestTemplateContextCustomizer@21337f7b, org.springframework.boot.test.context.SpringBootTestArgs@1, org.springframework.boot.test.context.SpringBootTestWebEnvironment@2d2ffcb7], resourceBasePath = 'src/main/webapp', contextLoader = 'org.springframework.boot.test.context.SpringBootContextLoader', parent = [null]]]
2024-05-21 20:20:01,797 DEBUG org.springframework.test.context.cache [Test worker] Spring test ApplicationContext cache statistics: [DefaultContextCache@506b083 size = 1, maxSize = 32, parentContextCount = 0, hitCount = 6, missCount = 1]
2024-05-21 20:20:01,798 DEBUG org.springframework.test.context.cache.DefaultCacheAwareContextLoaderDelegate [Test worker] Retrieved ApplicationContext [1821010113] from cache with key [[WebMergedContextConfiguration@74e47444 testClass = AppTest, locations = '{}', classes = '{class org.admin.App}', contextInitializerClasses = '[]', activeProfiles = '{}', propertySourceLocations = '{}', propertySourceProperties = '{org.springframework.boot.test.context.SpringBootTestContextBootstrapper=true}', contextCustomizers = set[org.springframework.boot.test.autoconfigure.actuate.metrics.MetricsExportContextCustomizerFactory$DisableMetricExportContextCustomizer@1339e7aa, org.springframework.boot.test.autoconfigure.properties.PropertyMappingContextCustomizer@0, org.springframework.boot.test.autoconfigure.web.servlet.WebDriverContextCustomizerFactory$Customizer@7a67e3c6, org.springframework.boot.test.context.filter.ExcludeFilterContextCustomizer@600b90df, org.springframework.boot.test.json.DuplicateJsonObjectContextCustomizerFactory$DuplicateJsonObjectContextCustomizer@78d6692f, org.springframework.boot.test.mock.mockito.MockitoContextCustomizer@0, org.springframework.boot.test.web.client.TestRestTemplateContextCustomizer@21337f7b, org.springframework.boot.test.context.SpringBootTestArgs@1, org.springframework.boot.test.context.SpringBootTestWebEnvironment@2d2ffcb7], resourceBasePath = 'src/main/webapp', contextLoader = 'org.springframework.boot.test.context.SpringBootContextLoader', parent = [null]]]
2024-05-21 20:20:01,798 DEBUG org.springframework.test.context.cache [Test worker] Spring test ApplicationContext cache statistics: [DefaultContextCache@506b083 size = 1, maxSize = 32, parentContextCount = 0, hitCount = 7, missCount = 1]
2024-05-21 20:20:01,798 DEBUG org.springframework.test.context.cache.DefaultCacheAwareContextLoaderDelegate [Test worker] Retrieved ApplicationContext [1821010113] from cache with key [[WebMergedContextConfiguration@74e47444 testClass = AppTest, locations = '{}', classes = '{class org.admin.App}', contextInitializerClasses = '[]', activeProfiles = '{}', propertySourceLocations = '{}', propertySourceProperties = '{org.springframework.boot.test.context.SpringBootTestContextBootstrapper=true}', contextCustomizers = set[org.springframework.boot.test.autoconfigure.actuate.metrics.MetricsExportContextCustomizerFactory$DisableMetricExportContextCustomizer@1339e7aa, org.springframework.boot.test.autoconfigure.properties.PropertyMappingContextCustomizer@0, org.springframework.boot.test.autoconfigure.web.servlet.WebDriverContextCustomizerFactory$Customizer@7a67e3c6, org.springframework.boot.test.context.filter.ExcludeFilterContextCustomizer@600b90df, org.springframework.boot.test.json.DuplicateJsonObjectContextCustomizerFactory$DuplicateJsonObjectContextCustomizer@78d6692f, org.springframework.boot.test.mock.mockito.MockitoContextCustomizer@0, org.springframework.boot.test.web.client.TestRestTemplateContextCustomizer@21337f7b, org.springframework.boot.test.context.SpringBootTestArgs@1, org.springframework.boot.test.context.SpringBootTestWebEnvironment@2d2ffcb7], resourceBasePath = 'src/main/webapp', contextLoader = 'org.springframework.boot.test.context.SpringBootContextLoader', parent = [null]]]
2024-05-21 20:20:01,799 DEBUG org.springframework.test.context.cache [Test worker] Spring test ApplicationContext cache statistics: [DefaultContextCache@506b083 size = 1, maxSize = 32, parentContextCount = 0, hitCount = 8, missCount = 1]
2024-05-21 20:20:01,799 DEBUG org.springframework.test.context.cache.DefaultCacheAwareContextLoaderDelegate [Test worker] Retrieved ApplicationContext [1821010113] from cache with key [[WebMergedContextConfiguration@74e47444 testClass = AppTest, locations = '{}', classes = '{class org.admin.App}', contextInitializerClasses = '[]', activeProfiles = '{}', propertySourceLocations = '{}', propertySourceProperties = '{org.springframework.boot.test.context.SpringBootTestContextBootstrapper=true}', contextCustomizers = set[org.springframework.boot.test.autoconfigure.actuate.metrics.MetricsExportContextCustomizerFactory$DisableMetricExportContextCustomizer@1339e7aa, org.springframework.boot.test.autoconfigure.properties.PropertyMappingContextCustomizer@0, org.springframework.boot.test.autoconfigure.web.servlet.WebDriverContextCustomizerFactory$Customizer@7a67e3c6, org.springframework.boot.test.context.filter.ExcludeFilterContextCustomizer@600b90df, org.springframework.boot.test.json.DuplicateJsonObjectContextCustomizerFactory$DuplicateJsonObjectContextCustomizer@78d6692f, org.springframework.boot.test.mock.mockito.MockitoContextCustomizer@0, org.springframework.boot.test.web.client.TestRestTemplateContextCustomizer@21337f7b, org.springframework.boot.test.context.SpringBootTestArgs@1, org.springframework.boot.test.context.SpringBootTestWebEnvironment@2d2ffcb7], resourceBasePath = 'src/main/webapp', contextLoader = 'org.springframework.boot.test.context.SpringBootContextLoader', parent = [null]]]
2024-05-21 20:20:01,799 DEBUG org.springframework.test.context.cache [Test worker] Spring test ApplicationContext cache statistics: [DefaultContextCache@506b083 size = 1, maxSize = 32, parentContextCount = 0, hitCount = 9, missCount = 1]
2024-05-21 20:20:01,799 DEBUG org.springframework.test.context.cache.DefaultCacheAwareContextLoaderDelegate [Test worker] Retrieved ApplicationContext [1821010113] from cache with key [[WebMergedContextConfiguration@74e47444 testClass = AppTest, locations = '{}', classes = '{class org.admin.App}', contextInitializerClasses = '[]', activeProfiles = '{}', propertySourceLocations = '{}', propertySourceProperties = '{org.springframework.boot.test.context.SpringBootTestContextBootstrapper=true}', contextCustomizers = set[org.springframework.boot.test.autoconfigure.actuate.metrics.MetricsExportContextCustomizerFactory$DisableMetricExportContextCustomizer@1339e7aa, org.springframework.boot.test.autoconfigure.properties.PropertyMappingContextCustomizer@0, org.springframework.boot.test.autoconfigure.web.servlet.WebDriverContextCustomizerFactory$Customizer@7a67e3c6, org.springframework.boot.test.context.filter.ExcludeFilterContextCustomizer@600b90df, org.springframework.boot.test.json.DuplicateJsonObjectContextCustomizerFactory$DuplicateJsonObjectContextCustomizer@78d6692f, org.springframework.boot.test.mock.mockito.MockitoContextCustomizer@0, org.springframework.boot.test.web.client.TestRestTemplateContextCustomizer@21337f7b, org.springframework.boot.test.context.SpringBootTestArgs@1, org.springframework.boot.test.context.SpringBootTestWebEnvironment@2d2ffcb7], resourceBasePath = 'src/main/webapp', contextLoader = 'org.springframework.boot.test.context.SpringBootContextLoader', parent = [null]]]
2024-05-21 20:20:01,799 DEBUG org.springframework.test.context.cache [Test worker] Spring test ApplicationContext cache statistics: [DefaultContextCache@506b083 size = 1, maxSize = 32, parentContextCount = 0, hitCount = 10, missCount = 1]
2024-05-21 20:20:01,799 DEBUG org.springframework.test.context.cache.DefaultCacheAwareContextLoaderDelegate [Test worker] Retrieved ApplicationContext [1821010113] from cache with key [[WebMergedContextConfiguration@74e47444 testClass = AppTest, locations = '{}', classes = '{class org.admin.App}', contextInitializerClasses = '[]', activeProfiles = '{}', propertySourceLocations = '{}', propertySourceProperties = '{org.springframework.boot.test.context.SpringBootTestContextBootstrapper=true}', contextCustomizers = set[org.springframework.boot.test.autoconfigure.actuate.metrics.MetricsExportContextCustomizerFactory$DisableMetricExportContextCustomizer@1339e7aa, org.springframework.boot.test.autoconfigure.properties.PropertyMappingContextCustomizer@0, org.springframework.boot.test.autoconfigure.web.servlet.WebDriverContextCustomizerFactory$Customizer@7a67e3c6, org.springframework.boot.test.context.filter.ExcludeFilterContextCustomizer@600b90df, org.springframework.boot.test.json.DuplicateJsonObjectContextCustomizerFactory$DuplicateJsonObjectContextCustomizer@78d6692f, org.springframework.boot.test.mock.mockito.MockitoContextCustomizer@0, org.springframework.boot.test.web.client.TestRestTemplateContextCustomizer@21337f7b, org.springframework.boot.test.context.SpringBootTestArgs@1, org.springframework.boot.test.context.SpringBootTestWebEnvironment@2d2ffcb7], resourceBasePath = 'src/main/webapp', contextLoader = 'org.springframework.boot.test.context.SpringBootContextLoader', parent = [null]]]
2024-05-21 20:20:01,800 DEBUG org.springframework.test.context.cache [Test worker] Spring test ApplicationContext cache statistics: [DefaultContextCache@506b083 size = 1, maxSize = 32, parentContextCount = 0, hitCount = 11, missCount = 1]
2024-05-21 20:20:01,800 DEBUG org.springframework.test.context.support.AbstractDirtiesContextTestExecutionListener [Test worker] After test method: context [DefaultTestContext@58670130 testClass = AppTest, testInstance = org.admin.AppTest@3573e19d, testMethod = contextLoads@AppTest, testException = [null], mergedContextConfiguration = [WebMergedContextConfiguration@74e47444 testClass = AppTest, locations = '{}', classes = '{class org.admin.App}', contextInitializerClasses = '[]', activeProfiles = '{}', propertySourceLocations = '{}', propertySourceProperties = '{org.springframework.boot.test.context.SpringBootTestContextBootstrapper=true}', contextCustomizers = set[org.springframework.boot.test.autoconfigure.actuate.metrics.MetricsExportContextCustomizerFactory$DisableMetricExportContextCustomizer@1339e7aa, org.springframework.boot.test.autoconfigure.properties.PropertyMappingContextCustomizer@0, org.springframework.boot.test.autoconfigure.web.servlet.WebDriverContextCustomizerFactory$Customizer@7a67e3c6, org.springframework.boot.test.context.filter.ExcludeFilterContextCustomizer@600b90df, org.springframework.boot.test.json.DuplicateJsonObjectContextCustomizerFactory$DuplicateJsonObjectContextCustomizer@78d6692f, org.springframework.boot.test.mock.mockito.MockitoContextCustomizer@0, org.springframework.boot.test.web.client.TestRestTemplateContextCustomizer@21337f7b, org.springframework.boot.test.context.SpringBootTestArgs@1, org.springframework.boot.test.context.SpringBootTestWebEnvironment@2d2ffcb7], resourceBasePath = 'src/main/webapp', contextLoader = 'org.springframework.boot.test.context.SpringBootContextLoader', parent = [null]], attributes = map['org.springframework.test.context.web.ServletTestExecutionListener.activateListener' -> true, 'org.springframework.test.context.web.ServletTestExecutionListener.populatedRequestContextHolder' -> true, 'org.springframework.test.context.web.ServletTestExecutionListener.resetRequestContextHolder' -> true, 'org.springframework.test.context.event.ApplicationEventsTestExecutionListener.recordApplicationEvents' -> false]], class annotated with @DirtiesContext [false] with mode [null], method annotated with @DirtiesContext [false] with mode [null].
2024-05-21 20:20:01,800 DEBUG org.springframework.test.context.web.ServletTestExecutionListener [Test worker] Resetting RequestContextHolder for test context [DefaultTestContext@58670130 testClass = AppTest, testInstance = org.admin.AppTest@3573e19d, testMethod = contextLoads@AppTest, testException = [null], mergedContextConfiguration = [WebMergedContextConfiguration@74e47444 testClass = AppTest, locations = '{}', classes = '{class org.admin.App}', contextInitializerClasses = '[]', activeProfiles = '{}', propertySourceLocations = '{}', propertySourceProperties = '{org.springframework.boot.test.context.SpringBootTestContextBootstrapper=true}', contextCustomizers = set[org.springframework.boot.test.autoconfigure.actuate.metrics.MetricsExportContextCustomizerFactory$DisableMetricExportContextCustomizer@1339e7aa, org.springframework.boot.test.autoconfigure.properties.PropertyMappingContextCustomizer@0, org.springframework.boot.test.autoconfigure.web.servlet.WebDriverContextCustomizerFactory$Customizer@7a67e3c6, org.springframework.boot.test.context.filter.ExcludeFilterContextCustomizer@600b90df, org.springframework.boot.test.json.DuplicateJsonObjectContextCustomizerFactory$DuplicateJsonObjectContextCustomizer@78d6692f, org.springframework.boot.test.mock.mockito.MockitoContextCustomizer@0, org.springframework.boot.test.web.client.TestRestTemplateContextCustomizer@21337f7b, org.springframework.boot.test.context.SpringBootTestArgs@1, org.springframework.boot.test.context.SpringBootTestWebEnvironment@2d2ffcb7], resourceBasePath = 'src/main/webapp', contextLoader = 'org.springframework.boot.test.context.SpringBootContextLoader', parent = [null]], attributes = map['org.springframework.test.context.web.ServletTestExecutionListener.activateListener' -> true, 'org.springframework.test.context.web.ServletTestExecutionListener.populatedRequestContextHolder' -> true, 'org.springframework.test.context.web.ServletTestExecutionListener.resetRequestContextHolder' -> true, 'org.springframework.test.context.event.ApplicationEventsTestExecutionListener.recordApplicationEvents' -> false]].
2024-05-21 20:20:01,802 DEBUG org.springframework.test.context.cache.DefaultCacheAwareContextLoaderDelegate [Test worker] Retrieved ApplicationContext [1821010113] from cache with key [[WebMergedContextConfiguration@74e47444 testClass = AppTest, locations = '{}', classes = '{class org.admin.App}', contextInitializerClasses = '[]', activeProfiles = '{}', propertySourceLocations = '{}', propertySourceProperties = '{org.springframework.boot.test.context.SpringBootTestContextBootstrapper=true}', contextCustomizers = set[org.springframework.boot.test.autoconfigure.actuate.metrics.MetricsExportContextCustomizerFactory$DisableMetricExportContextCustomizer@1339e7aa, org.springframework.boot.test.autoconfigure.properties.PropertyMappingContextCustomizer@0, org.springframework.boot.test.autoconfigure.web.servlet.WebDriverContextCustomizerFactory$Customizer@7a67e3c6, org.springframework.boot.test.context.filter.ExcludeFilterContextCustomizer@600b90df, org.springframework.boot.test.json.DuplicateJsonObjectContextCustomizerFactory$DuplicateJsonObjectContextCustomizer@78d6692f, org.springframework.boot.test.mock.mockito.MockitoContextCustomizer@0, org.springframework.boot.test.web.client.TestRestTemplateContextCustomizer@21337f7b, org.springframework.boot.test.context.SpringBootTestArgs@1, org.springframework.boot.test.context.SpringBootTestWebEnvironment@2d2ffcb7], resourceBasePath = 'src/main/webapp', contextLoader = 'org.springframework.boot.test.context.SpringBootContextLoader', parent = [null]]]
2024-05-21 20:20:01,802 DEBUG org.springframework.test.context.cache [Test worker] Spring test ApplicationContext cache statistics: [DefaultContextCache@506b083 size = 1, maxSize = 32, parentContextCount = 0, hitCount = 12, missCount = 1]
2024-05-21 20:20:01,802 DEBUG org.springframework.test.context.support.AbstractDirtiesContextTestExecutionListener [Test worker] After test class: context [DefaultTestContext@58670130 testClass = AppTest, testInstance = [null], testMethod = [null], testException = [null], mergedContextConfiguration = [WebMergedContextConfiguration@74e47444 testClass = AppTest, locations = '{}', classes = '{class org.admin.App}', contextInitializerClasses = '[]', activeProfiles = '{}', propertySourceLocations = '{}', propertySourceProperties = '{org.springframework.boot.test.context.SpringBootTestContextBootstrapper=true}', contextCustomizers = set[org.springframework.boot.test.autoconfigure.actuate.metrics.MetricsExportContextCustomizerFactory$DisableMetricExportContextCustomizer@1339e7aa, org.springframework.boot.test.autoconfigure.properties.PropertyMappingContextCustomizer@0, org.springframework.boot.test.autoconfigure.web.servlet.WebDriverContextCustomizerFactory$Customizer@7a67e3c6, org.springframework.boot.test.context.filter.ExcludeFilterContextCustomizer@600b90df, org.springframework.boot.test.json.DuplicateJsonObjectContextCustomizerFactory$DuplicateJsonObjectContextCustomizer@78d6692f, org.springframework.boot.test.mock.mockito.MockitoContextCustomizer@0, org.springframework.boot.test.web.client.TestRestTemplateContextCustomizer@21337f7b, org.springframework.boot.test.context.SpringBootTestArgs@1, org.springframework.boot.test.context.SpringBootTestWebEnvironment@2d2ffcb7], resourceBasePath = 'src/main/webapp', contextLoader = 'org.springframework.boot.test.context.SpringBootContextLoader', parent = [null]], attributes = map['org.springframework.test.context.web.ServletTestExecutionListener.activateListener' -> true, 'org.springframework.test.context.event.ApplicationEventsTestExecutionListener.recordApplicationEvents' -> false, 'org.springframework.test.context.support.DependencyInjectionTestExecutionListener.reinjectDependencies' -> true]], class annotated with @DirtiesContext [false] with mode [null].
]]></system-out>
  <system-err><![CDATA[Loading class `com.mysql.jdbc.Driver'. This is deprecated. The new driver class is `com.mysql.cj.jdbc.Driver'. The driver is automatically registered via the SPI and manual loading of the driver class is generally unnecessary.
]]></system-err>
</testsuite>
